335
ExploreZv2
c1005 c257 c898 c429 c781 c351 c116 c488 c417 c939 c85 c171 c1231 c315 c892 c431 c425 c319 c933 c677 c475 c1290 c215 c1138 c719 c647 c1455 c700 c784 c16 c448 c1076 c462 c840 c713 c614 c1437 c1467 c924 c66 c1391 c1255 c205 c389 c843 c1107 c1217 c1080 c1097 c1268 c12 c434 c230 c1408 c101 c1157 c394
TranslateNextv9
c1001 c47 c309 c951 c1300 c430 c1426 c739 c550 c551 c381 c1239 c445 c124 c943 c210 c989 c1495 c1441 c1202 c1334 c239 c1381 c357 c974 c160 c1354 c484 c1091
PatentsLitev8
c409 c1447 c444 c75 c1302 c894 c1216 c703 c940 c922 c464 c1146 c7 c913 c247 c1000 c249 c1362 c174 c623 c395 c52 c125 c43 c292 c317 c866 c569 c1108 c1436 c1343 c421 c338 c1131 c379 c1417 c196 c306 c883 c1319 c1126 c285 c671 c1316 c1420 c613 c490 c580 c356
ChromeSv2
c1280 c267 c795 c975 c526 c1425 c887 c1079 c1089 c1282 c346 c773 c1189 c654 c835 c813 c1429 c208 c51 c851 c779 c337 c118 c567 c1373 c1030 c1210 c944 c252 c978 c1315 c1407 c1071 c1139 c318 c516 c842 c790 c571 c1160 c493 c1287 c240 c559 c109 c1225 c718 c1304 c131 c804 c764 c589
WearOSMaxv1
c100 c538 c122 c953 c848 c1213 c962 c918 c1142 c853 c787 c123 c1158 c1488 c403 c587 c1423 c305 c343 c92 c830 c518 c911 c1106 c1291 c905 c1088 c532 c726 c1356 c608 c193 c120 c1456 c561 c1333 c1369 c78 c168 c1348 c1171 c1395 c396 c219 c1128 c68 c294 c537 c702 c766 c920 c1424 c1434 c1344 c1449 c169 c930 c616
ImagesSv4
c959 c281 c259 c1015 c373 c1188 c1421 c651 c979 c725 c1086 c878 c1012 c1368 c602 c1113 c57 c717 c1064 c1054 c584 c365 c94 c1081 c681 c912 c364 c881 c591 c159 c1325 c161 c1451 c1299 c908 c919 c1385 c1073 c477 c507 c49 c1245 c1400 c776 c1419 c220 c1035 c323 c793 c30 c823 c1460 c46
ClassroomProv4
c1161 c641 c740 c676 c331 c145 c184 c1481 c1163 c800 c1075 c956 c799 c48 c23 c1257 c135 c1065 c517 c649 c662 c675 c1383 c865 c1055 c470 c564 c642 c615 c845 c20 c245 c31 c320 c603 c1043 c264 c909 c847
AndroidSv7
c303 c1037 c752 c307 c1267 c732 c1253 c1471 c834 c1137 c243 c1117 c669 c1338 c69 c627 c1066 c812 c1208 c882 c1027 c1112 c262 c1492 c273
ChromecastNextv2
c660 c860 c969 c754 c153 c1384 c708 c629 c592 c1452 c1474 c1124 c419 c1049 c442 c121 c1194 c8 c1399 c1470 c1292 c635 c313 c63 c1476 c722 c563 c491 c45 c1479 c1345 c1499 c666 c1353 c15 c1058 c40 c824 c1318
ConnectNextv4
c980 c871 c767 c696 c809 c217 c778 c593 c672 c972 c609 c144 c590 c369 c743 c354 c820 c138 c692 c1118 c67 c102 c936 c1132 c363 c568 c585 c298 c1004 c1413 c1167 c906 c879 c727 c136 c611 c691 c757 c554 c284
AndroidLitev9
c765 c897 c1422 c605 c1415 c459 c1191 c1309 c831 c1136 c413 c643 c1214 c1403 c896 c734 c1317 c523 c711 c1179 c81 c1230 c1165 c1288 c213 c825 c1303
TravelProv9
c1349 c780 c1100 c55 c1264 c539 c1296 c439 c949 c999 c436 c204 c1283 c1352 c1048 c993 c1046 c310 c1360 c325
BooksXv3
c522 c21 c1412 c1021 c263 c1028 c1259 c562 c1458 c1067 c165 c875 c1045 c355 c289 c997 c1269 c1453 c393 c1330
PhotoNextv6
c506 c1007 c917 c447 c758 c39 c300 c98 c798 c902 c1339 c1375 c400 c443 c1405 c1104 c621 c266 c104 c1053 c70
SitesXv7
c1469 c1472 c816 c724 c837 c1341 c1092 c588 c71 c1275 c1367 c751 c148 c99 c386 c304 c59 c926 c203 c1272 c374 c577 c1392 c42
ReleaseZv9
c520 c772 c1114 c56 c1174 c952 c1072 c1003 c628 c141 c1173 c1143 c1056 c923 c841 c996 c324 c287 c29 c505 c509 c332 c176 c762 c931 c1406 c50 c465 c433 c19 c868 c224 c728 c928 c1207 c658 c350 c1443 c1248 c597 c1433 c275 c1236 c265 c64 c1149 c1263 c1377 c38
ClassroomProv8
c1185 c1382 c316 c653 c344 c1491 c753 c140 c1232 c61 c1145 c1297 c185 c1444 c96 c529 c960 c901 c1017 c854 c1237 c358
MarsProv2
c938 c460 c1262 c689 c391 c1289 c274 c1494 c1198 c1206 c295 c485 c1135 c1069 c990 c53 c451 c690 c34 c545 c480 c895 c377 c435 c1209 c1022 c788 c1486 c1323 c152 c535 c6 c759 c947
SitesUltrav3
c370 c852 c855 c659 c134 c1031 c1008 c218 c1009 c1176 c1164 c1475 c404 c542 c186 c202 c172 c1211 c1059 c942 c714 c311 c761 c1 c1241 c1326 c1221 c1478 c1082 c730 c147 c335 c1496 c557 c1313 c1192 c110 c1203 c1351 c810 c1468 c154 c716 c246 c339 c476 c864
LearnProv6
c698 c783 c1430 c1298 c146 c519 c132 c1346 c269 c857 c966 c248 c971 c1105 c253 c805 c1087 c62 c720 c683 c91 c127 c915 c832 c492 c984 c1301 c648 c166 c770 c1011 c194 c225 c652 c170 c768 c503 c115 c133 c1336 c536 c610 c633 c412 c656 c308 c595 c1121 c1389 c405
GroupsUltrav2
c1226 c327 c14 c345 c636 c90 c606 c604 c328 c1390 c233 c744 c340 c428 c456 c1200 c1077 c862 c688 c964
ReleaseMaxv8
c886 c1411 c680 c1414 c496 c187 c1459 c1197 c26 c378 c1256 c1440 c1285 c25 c1039 c22 c1483 c502 c540 c150 c18 c155 c560 c1493 c650 c1374
LoggingUltrav9
c1281 c1036 c106 c583 c474 c873 c37 c406 c467 c685 c992 c352 c207 c232 c1178 c87 c5 c1044 c900 c1247
CastOSXv2
c736 c1484 c789 c211 c995 c2 c342 c416 c967 c1119 c1462 c1445 c397 c139 c79 c441 c889 c1410 c368 c1240 c515 c349
StreamXv2
c181 c1010 c353 c229 c228 c640 c925 c625 c998 c1147 c129 c747 c1409 c617 c763 c500 c1184 c359 c973 c678 c449 c180 c1152 c302 c748 c385 c1034 c596 c707 c665 c556 c1060 c1370 c1249 c471 c93 c119 c24 c838 c1150 c113 c738 c143 c639 c626 c1109 c1222 c1446 c699 c1355 c769 c541 c33 c1276 c258 c1177 c638 c1329 c684
NewsXv4
c296 c546 c360 c257 c876 c924 c528 c235 c1080 c677 c88 c899 c586 c1018 c784 c434 c312 c1386 c382 c892 c468 c1231 c171 c1159 c1393 c389 c631 c719 c1465 c117 c1454 c647 c1482 c277 c1366 c1266 c103 c1387 c282 c781
FormsProv2
c1319 c571 c516 c766 c1154 c1287 c739 c51 c189 c1404 c1005 c240 c1199 c1380 c989 c537 c1035 c321 c567 c490 c1246 c387
FormsNextv1
c135 c1043 c123 c267 c373 c379 c1316 c1368 c641 c320 c1270 c288 c532 c1171 c337 c1026 c477 c608 c463 c756 c1488 c1076
BooksUltrav6
c801 c244 c657 c802 c1041 c1260 c469 c934 c1141 c1122 c9 c108 c548 c348 c508 c1358 c1151 c347 c458 c453 c1485 c226 c1181 c65 c937 c427 c858 c806 c792 c731 c481 c1182 c839 c994 c82 c1195 c446 c237 c991 c420 c850 c376 c576 c808 c954 c735 c867 c927 c935 c1464 c572 c1006 c914 c729 c279 c544
PhotoLitev1
c48 c1037 c969 c346 c847 c280 c674 c1014 c219 c1049 c824 c754 c1111 c145 c470 c517 c1436 c307 c745 c206 c464
ChromecastZv5
c1379 c1254 c1172 c558 c3 c424 c1016 c1418 c1134 c1186 c1040 c821 c782 c750 c817 c814 c1361 c41 c1204 c472 c223 c1224 c869 c513 c574 c0 c461 c1324 c1401 c985 c72 c408 c268 c1473 c242 c293 c390 c1095 c1033 c1371 c384
FormsNextv5
c1002 c1169 c957 c1153 c794 c157 c398 c510 c1450 c432 c1489 c1487 c1180 c1365 c1461 c10 c549 c112 c32 c482 c976 c910 c573 c415 c1196 c422 c329 c1394 c182 c1052 c819 c336 c1140 c58 c827 c932 c634 c86 c514 c1284 c221 c1023 c1019 c667 c1219 c742 c849 c495 c929 c1068 c1416 c410 c890 c278 c1078
GameZv2
c1133 c1098 c612 c367 c1277 c791 c1062 c111 c1321 c1234 c183 c36 c511 c1439 c786 c670 c1129 c661 c1102 c829 c527 c299 c599 c1308 c197 c907
AssistantSv6
c1265 c1130 c1252 c950 c904 c682 c457 c723 c1205 c1398 c807 c961 c893 c622 c553 c986 c530 c105 c11 c733 c479 c1397 c499 c1032 c963 c1357 c1372 c1057 c1156 c167 c856 c570 c1094 c701 c1428 c487 c1363 c1183 c1050 c175 c60 c1103 c76 c828 c664
LoggingUltrav4
c1042 c1310 c326 c334 c630 c388 c83 c1242 c407 c1070 c504 c737 c884 c1116 c1314 c822 c1229 c1090 c4 c826 c270 c1305 c454 c1364 c632 c271 c95 c977 c498 c341 c1110 c1187 c859 c803 c137 c149 c1307 c261 c578
MapsUltrav8
c921 c525 c401 c760 c1013 c1243 c44 c846 c255 c704 c1480 c547 c473 c77 c579 c1448 c199 c663 c877 c818 c1376 c600 c1127 c466 c361 c322 c1337 c1223 c673 c276 c755 c598 c80 c231 c486 c1490 c330 c291 c455 c414 c945 c501 c333 c151 c712 c543 c697 c1350 c1166 c624 c968 c715 c107 c533
GmailZv1
c1227 c297 c27 c216 c84 c74 c1215 c402 c775 c771 c156 c1278 c452 c35 c1250 c695 c903 c1051 c581 c534 c1332 c679
SitesProv2
c1101 c1381 c853 c717 c793 c75 c591 c285 c804 c1190 c241 c1477 c654 c1210 c159 c958 c953 c702 c1333 c1400 c493 c1434 c988 c250 c1325 c494 c959 c1160 c721 c681 c399
ScholarXv7
c73 c1125 c512 c1322 c283 c833 c489 c375 c874 c198 c188 c97 c1074 c411 c1271 c1029 c1093 c1251 c531 c1083 c179 c1388 c1144 c686 c1235 c987 c1193 c955 c687 c195 c162 c797
PhotoSv9
c447 c577 c442 c67 c323 c711 c304 c1296 c643 c724 c55 c148 c386 c851 c392 c364 c816 c627 c757 c20 c42 c820 c554 c694 c1092 c70 c561 c1007 c691 c1392 c1367 c700 c99 c780 c289 c1208 c483 c1264 c174 c1188 c313 c1423 c1383 c837 c1100 c926 c1058 c1413 c751 c1471 c256 c491 c122
ChromeUltrav3
c13 c965 c891 c1286 c89 c1274 c47 c445 c371 c124 c1441 c272 c357 c178 c693 c234 c1342 c214 c777 c205 c1495
ShoppingUltrav8
c881 c1099 c589 c1225 c169 c905 c196 c602 c1073 c1091 c1320 c811 c1456 c417 c930 c462 c1407 c1089 c518 c835 c1299 c1467 c774 c878 c559 c785
NewsZv2
c855 c783 c857 c635 c1011 c1174 c1468 c308 c1012 c480 c1221 c1173 c993 c110 c720 c1105 c505 c1291 c245 c966 c730 c1009 c34 c53 c377 c1341 c225 c419 c281 c675 c1430 c1176
FinanceLitev1
c936 c1064 c778 c1479 c284 c746 c871 c692 c939 c590 c298 c662 c734 c23 c1167 c1499 c362 c1027 c210 c130 c861 c908 c1451 c1191 c1055 c722 c1288 c825 c523 c975 c1345 c897 c173 c982
SkyUltrav9
c933 c1258 c1001 c1020 c381 c239 c191 c1201 c645 c1328 c383 c552 c448 c551 c1408 c1168 c983 c1084 c1312 c880 c12 c943
WearOSProv5
c142 c564 c637 c1245 c919 c264 c100 c603 c615 c1362 c1126 c1025 c956 c94 c1282 c251 c1161 c1306 c1396 c1065 c1075 c1218 c676
MapsLitev1
c31 c39 c136 c949 c1214 c300 c980 c1028 c1067 c1165 c366 c1230 c400 c1128 c1315 c740 c585 c834 c1273 c104 c1244 c413 c121
FinanceProv4
c1323 c324 c351 c1022 c96 c996 c344 c1158 c997 c6 c325 c50 c1069 c928 c1209 c203 c1132 c860 c101 c1491 c787 c1053
VoiceNextv7
c21 c1426 c1403 c1118 c114 c918 c98 c40 c1330 c1481 c69 c1283 c865 c1048 c1318 c651 c1449 c1334 c393 c621 c539 c365 c1170 c1194 c1086 c1046 c1343 c1079 c1369 c1259 c1292 c812 c212 c1155
SlidesZv6
c185 c378 c476 c541 c1109 c1240 c1411 c1355 c385 c665 c2 c368 c895 c33 c738 c1198 c87 c1377 c596 c302 c238 c971 c355 c769 c5 c397 c889 c925 c327 c620 c568 c342 c352 c1474 c61 c1142 c229 c967 c1077 c1249 c1152
MapsZv4
c52 c437 c1097 c190 c671 c575 c866 c43 c582 c922 c315 c292 c1024 c703 c314 c916 c1438 c1038 c1442 c227 c1157 c709 c444 c254 c883 c230 c1432 c940 c1000 c524 c395 c249 c484 c372 c885 c497 c1233 c1146 c160
ResearchLitev3
c1106 c1431 c193 c475 c649 c317 c1163 c790 c607 c301 c1113 c396 c303 c409 c507 c184 c273 c1419 c343 c1137 c57 c642 c646 c1338 c68 c580 c815 c262 c550 c1492 c1112 c1108 c830 c168 c848 c1257
FlightsProv7
c339 c91 c1236 c519 c761 c555 c1486 c1203 c1192 c1443 c759 c1164 c451 c363 c758 c176 c246 c836 c587 c45 c147 c696 c725 c852 c460 c1301 c767 c698 c1275 c485 c659 c557 c656
CurrentsXv5
c28 c868 c1136 c669 c56 c438 c1303 c888 c823 c102 c465 c1360 c831 c369 c799 c974 c1460 c1104 c1352 c63 c153 c439 c204 c1143 c163 c436 c841 c800 c287 c902 c762 c588 c141 c1384 c1003
BloggerLitev6
c636 c474 c26 c1008 c1300 c1374 c650 c540 c1256 c391 c150 c1066 c1262 c1317 c1239 c311 c915 c1466 c744 c194 c316 c1004 c1178 c1478 c260 c37
CastOSSv8
c66 c946 c1391 c1331 c192 c843 c1457 c1107 c85 c1294 c1402 c1255 c1220 c488 c1327 c116 c796 c418 c1175 c429
ChatZv9
c1266 c146 c619 c115 c79 c1199 c824 c376 c1482 c1399 c477 c707 c1076 c228 c1021 c641 c1285 c48 c745 c1171 c65 c496 c772 c529 c348 c172 c927 c870 c595 c1177 c332 c1005 c1041 c321 c82 c754 c1488 c567 c1485
SecureLitev1
c222 c1455 c842 c16 c118 c1429 c1138 c200 c1085 c941 c394 c309 c521 c1268 c128 c623 c614 c1373 c569 c981
AlertsZv3
c1189 c1420 c425 c1302 c1217 c426 c201 c1212 c164 c286 c1279 c356 c863 c1311 c306 c209 c319 c158 c1335 c1096 c430 c1063
PhotoProv2
c875 c520 c509 c64 c666 c1114 c275 c999 c265 c629 c331 c1452 c931 c562 c1045 c144 c1272 c1267 c970 c1248 c605 c1054 c765 c243 c613 c882 c350 c1120 c19
VideoProv1
c879 c263 c152 c1211 c435 c1313 c370 c1422 c538 c213 c459 c1 c1185 c610 c660 c443 c979 c1298 c1289 c1389 c170 c134 c628 c71 c1405 c948 c536 c984 c202 c611
StadiaProv2
c1061 c125 c1425 c126 c913 c773 c1447 c431 c894 c644 c887 c1261 c1293 c1304 c1139 c764 c131 c1131 c713 c54 c668 c236 c705 c749 c338 c618 c1162 c1228 c177
DriveMaxv5
c269 c854 c1496 c942 c810 c683 c154 c658 c218 c689 c405 c706 c166 c1145 c648 c132 c652 c248 c1351 c1059 c1494 c732 c535 c896
ChromecastSv2
c403 c78 c1290 c247 c1385 c1088 c813 c584 c944 c1295 c1071 c1238 c779 c450 c1395 c655 c616 c1213 c161 c978 c1115 c220 c741 c423 c1354 c1356 c305 c1378 c1216 c1348 c795 c1202 c1015 c1280 c259 c898 c92 c1421 c215 c478 c1340 c776 c526 c962 c565 c421 c1417 c318 c1498 c49 c594
BloggerNextv6
c1364 c572 c1424 c1127 c534 c1480 c1156 c137 c1450 c408 c737 c105 c498 c1222 c95 c1473 c963 c986 c76 c1319 c457 c1428 c285 c461 c268 c953 c533 c723 c1181 c553 c1416
ChromeOSMaxv2
c609 c1484 c295 c1454 c189 c545 c165 c1207 c290 c923 c340 c353 c1035 c964 c1080 c181 c441 c515 c752 c1380 c947 c899 c1149 c571 c1297 c912 c1470 c864 c1390 c798 c781 c1446
FlightsNextv3
c206 c750 c782 c849 c1461 c684 c278 c517 c1206 c573 c718 c427 c337 c112 c120 c1489 c420 c1169 c714 c380 c346 c1204 c736 c1254 c41 c482 c422 c546 c858 c469 c932 c1068 c282 c1493 c398 c1052 c3 c1119 c360 c845 c634 c667 c794 c1151 c817 c1260 c819 c1361 c606 c32 c840 c1037 c226
AndroidTVSv9
c512 c991 c60 c1166 c1321 c729 c1183 c827 c1215 c1459 c833 c411 c1070 c547 c1314 c335 c893 c495 c1434 c1337 c702 c508 c1103
CalendarProv8
c1437 c1056 c809 c917 c224 c728 c38 c952 c29 c909 c1339 c1353 c1081 c1406 c1030 c81 c1047 c1476 c266 c30 c1375
MoonMaxv6
c109 c24 c1039 c528 c252 c155 c1324 c354 c280 c51 c1134 c1186 c9 c379 c756 c434 c359 c990 c1379 c847 c1014 c471 c972 c127 c1316 c934 c223 c937 c935 c951 c1440 c390 c0
FlightsSv2
c678 c699 c989 c1414 c1344 c171 c719 c690 c1241 c312 c784 c1346 c240 c685 c1231 c1232 c1444 c59 c103 c876 c113 c560 c626 c389 c1184 c886 c1123 c62 c537 c873 c207 c14 c1410 c1465 c768 c500 c770 c924 c1483 c1412 c1386 c1309 c1497 c960 c805 c138 c1336 c1154
StorageUltrav2
c1173 c493 c891 c1105 c654 c681 c1221 c381 c880 c816 c825 c104 c746 c121 c341 c300 c1067 c245 c1407 c1165 c31 c205 c1423 c178 c980 c1102 c1083 c1456 c462 c1467 c993 c1451 c307 c1126 c786 c585 c239 c583 c1227 c198
StreetViewZv4
c1018 c86 c296 c382 c446 c320 c502 c1122 c1023 c453 c1284 c1475 c1060 c1224 c869 c72 c237 c957 c563 c456 c274 c432 c293 c22 c911 c279 c1016 c1287 c1487 c608 c716 c1349 c954
PatentsZv3
c1128 c1376 c476 c574 c1481 c1163 c698 c653 c1343 c901 c160 c39 c136 c1334 c670 c5 c1369 c671 c783 c168 c1198 c323 c852 c475 c659 c437 c1249 c1108 c190 c930 c327 c244 c523 c372 c649 c557 c409 c184 c1209 c339 c1141 c848 c1112 c922
TranslateProv2
c820 c77 c1082 c294 c1392 c976 c1219 c1093 c822 c859 c479 c1058 c969 c122 c187 c35 c99 c1182 c900 c1333 c1007 c731 c1469 c242 c487 c494 c1388 c724 c1322 c958 c261 c643 c1160 c1383 c139 c884 c1116 c1296 c492
DataMaxv3
c499 c775 c42 c1225 c774 c711 c20 c1242 c531 c1193 c289 c93 c1125 c473 c107 c965 c1495 c785 c691 c67 c802 c326 c466 c375 c15 c1029 c169
PhotoZv5
c180 c1010 c1031 c844 c1326 c1237 c1415 c747 c992 c1458 c1121 c1226 c1359 c310 c788 c1179 c1072 c129 c18 c1462 c143 c995 c680 c920 c258 c1117 c1370 c832 c1433 c688
CurrentsLitev2
c1197 c412 c233 c938 c601 c416 c253 c1247 c743 c639 c7 c90 c638 c640 c566 c119 c1263 c25 c625 c328 c1124 c597 c404 c1329 c1276 c1472 c217 c1135 c506 c1382 c358 c1463 c998 c186 c374 c1281
GroupsProv1
c1357 c1251 c792 c362 c1057 c174 c130 c525 c892 c402 c133 c589 c686 c424 c1479 c861 c1229 c124 c415 c364 c975 c554 c1430 c1150 c272 c1345 c208 c1055 c1012 c44 c1265 c386 c1441 c1176 c47 c173
DataUltrav8
c1315 c193 c281 c1064 c254 c170 c836 c605 c426 c879 c435 c1109 c1266 c875 c915 c209 c350 c1389 c87 c194 c16 c1294 c674 c1028 c1191 c1245 c429 c863 c275 c550
MapsSv2
c260 c1077 c150 c1192 c43 c656 c26 c303 c1111 c325 c63 c759 c232 c98 c936 c868 c273 c1275 c50 c1427 c314 c1113 c650 c872 c738 c522 c465 c1256 c570 c147 c57 c444 c69 c75 c767
PatentsProv3
c1043 c630 c84 c632 c1036 c1223 c1409 c856 c481 c1129 c672 c921 c1101 c1098 c579 c513 c853 c1196 c988 c270 c330 c968 c1187 c108 c1400 c1180 c472 c599 c1332 c701 c1090 c1243 c384 c406 c333 c1307 c890 c1040
DaydreamZv6
c703 c21 c230 c231 c299 c1027 c1168 c298 c1411 c1194 c1282 c1214 c582 c778 c604 c249 c302 c919 c982 c590 c1024 c826 c227 c1413 c885 c484 c916 c692 c1022 c34 c621 c497 c199 c835 c210 c1426 c1235 c1396 c1471 c433 c600 c308 c1259 c881 c324 c602 c1377 c575 c895 c1157 c1286 c971 c1170 c52 c771 c865 c966
DocsZv8
c1270 c140 c631 c267 c1445 c88 c106 c470 c464 c763 c532 c727 c617 c576 c647 c123 c1269 c542 c1087 c850 c806 c428 c1006 c1368 c544 c449 c516 c1393 c1358 c801
SkyXv9
c818 c1234 c903 c803 c345 c291 c973 c1246 c1397 c1190 c1252 c846 c907 c1019 c977 c276 c622 c1033 c514 c673 c1253 c994 c527 c839 c183 c1387 c742 c829 c211 c1381 c387 c593 c950 c1277 c708 c11 c530 c1310 c1094 c1372 c1365 c766 c1464 c904 c27 c58 c151 c549 c1140 c410
LoggingProv9
c503 c1044 c510 c561 c748 c1074 c556 c491 c489 c862 c55 c926 c577 c501 c463 c442 c543 c700 c188 c1367 c1050 c710 c149 c304 c1278 c959 c814 c10 c1394 c663 c1271 c1325 c657 c612 c414 c257 c271 c175 c367 c760 c961 c4 c241 c334 c558 c483
StreamUltrav2
c682 c548 c1418 c828 c910 c1153 c1477 c156 c36 c739 c1095 c1032 c1305 c985 c733 c1210 c1250 c697 c468 c216 c1366 c1049 c867 c322 c664 c661 c1401 c145 c1200 c221 c504 c347 c877 c1172 c1398 c407 c1490 c1051 c1130 c255 c197 c452 c83 c598 c721 c1404
GlassOSZv2
c85 c79 c195 c567 c1009 c1362 c1399 c496 c1306 c1255 c735 c641 c1330 c791 c455 c646 c376 c1312 c1038 c1499 c725 c48 c754 c918
DriveNextv5
c1453 c581 c401 c1159 c162 c329 c182 c297 c111 c987 c1078 c388 c1013 c219 c1144 c74 c1195 c633 c804 c1448 c467 c715 c486 c578 c283 c349 c874 c1371 c159 c679 c1133 c399 c179 c373
MapsXv8
c744 c1485 c6 c529 c115 c1084 c1258 c439 c163 c66 c831 c889 c1002 c704 c251 c101 c940 c505 c153 c1285 c824 c943 c1136 c301 c790 c102 c37
ChromeZv2
c945 c1230 c687 c1439 c1048 c939 c1110 c645 c284 c1328 c812 c97 c212 c1408 c905 c1042 c956 c413 c906 c837 c1073 c1291 c1069 c949 c110 c1283 c448 c871 c1046 c1001 c559 c780 c677 c717 c1011 c135 c1118 c1020 c694 c400 c1403 c1147 c734 c80 c983 c366 c46 c1065 c539 c751 c914
ShoppingNextv6
c1 c562 c902 c408 c202 c161 c204 c82 c707 c1421 c344 c1175 c1351 c1222 c268 c498 c13 c71 c1177 c236 c318 c369 c451 c616 c963
GlassOSZv7
c753 c1264 c1436 c1091 c1341 c214 c955 c70 c797 c511 c730 c857 c624 c225 c53 c821 c148 c313 c789 c757 c1299 c695 c1026 c627 c417 c1174 c288 c357 c851 c419
SearchSv2
c1070 c924 c1165 c1336 c500 c1414 c337 c31 c126 c547 c560 c252 c794 c1115 c1308 c933 c675 c1311 c379 c776 c1067 c585 c1339 c359 c1047 c116 c1238 c784 c290 c989 c1233 c524 c1444 c390 c951 c277 c1081 c104 c1493 c1437 c690 c431 c24 c741 c1211 c1424 c198 c1316 c1386
GameSv2
c1163 c1334 c980 c338 c165 c923 c1447 c78 c1280 c986 c1151 c833 c295 c1102 c1186 c207 c783 c341 c1206 c1059 c189 c626 c89 c899 c1112 c1314 c327 c22 c887 c1309 c323 c1375 c649 c922
DreamUltrav9
c1363 c807 c1075 c191 c1274 c480 c793 c1099 c615 c720 c256 c73 c458 c878 c1205 c117 c838 c1188 c1468 c722
AndroidSv3
c287 c146 c1138 c64 c1212 c897 c765 c248 c125 c65 c430 c1488 c218 c1455 c100 c200 c1482 c696 c1272 c772 c999 c1302 c535 c33 c614 c623 c1425 c445 c397 c1041 c834 c454 c683 c1405 c1443 c569 c1431 c709 c228 c669 c520 c1085 c974 c592 c1478 c332 c619 c28
AndroidAutoUltrav1
c755 c929 c665 c94 c385 c352 c1137 c519 c860 c23 c371 c662 c1146 c1240 c229 c1288 c635 c1100 c587 c1449 c1338 c777 c591 c234 c343 c368 c1034 c1062 c642 c883 c395 c1092 c68 c607 c651 c1257 c1097
SecureProv9
c217 c639 c476 c1064 c1123 c1179 c26 c1256 c1260 c935 c868 c969 c785 c272 c453 c62 c435 c656 c1266 c50 c1058
CalendarMaxv7
c1492 c378 c928 c843 c1391 c1303 c377 c222 c56 c141 c142 c196 c1189 c264 c331 c580 c1422 c134 c1419 c1096 c1335 c1131 c1158 c894 c1304 c1289 c551
ArtsZv2
c474 c736 c307 c59 c1268 c1452 c1254 c1185 c266 c1227 c1184 c1353 c488 c155 c681 c1484 c131 c1207 c1056 c1244 c1474 c1364 c888 c840 c952 c1498 c19 c158 c1434 c0 c247 c1379 c728 c30 c178 c816 c315 c462 c1080 c346 c440 c991 c714 c870 c719 c595 c781 c770 c993 c411 c891 c545 c746 c1030 c312 c752 c644 c805
YouTubeXv1
c1267 c1360 c54 c1385 c565 c1216 c351 c305 c436 c854 c594 c613 c292 c1015 c1301 c1213 c92 c265 c1164 c1348 c540 c1208 c1295 c1496 c779 c220 c584 c1378 c813 c1132 c652 c1139 c1202 c1352 c443 c1273 c1089 c815 c795 c898
ReleaseUltrav2
c232 c853 c1358 c971 c1225 c1111 c326 c575 c1181 c124 c1006 c686 c1368 c1471 c1357 c471 c1021 c1396 c1243 c473 c1083 c1426 c1279 c76 c298
FinanceMaxv3
c1054 c1148 c518 c1004 c796 c306 c396 c263 c941 c363 c610 c855 c521 c361 c316 c1236 c1442 c1017 c1178 c808 c144 c128
SlidesMaxv8
c72 c654 c14 c732 c1373 c917 c356 c1224 c847 c166 c245 c786 c842 c667 c320 c279 c1475 c274 c421 c990 c1428 c537 c224 c517 c1103 c893 c446 c9 c1204 c1119 c1446 c478 c293 c29 c300 c583 c1287 c226 c873 c1166 c223 c1440 c1406
ChromeLitev7
c655 c61 c787 c164 c737 c666 c91 c459 c1127 c981 c800 c1450 c745 c942 c705 c908 c538 c105 c740 c712 c841 c526 c1480 c167 c953 c1416 c1142 c423 c1000 c648 c997 c213 c1248 c553 c403 c1079 c637 c979 c259 c457 c1473 c201 c1395 c541 c572 c336 c137 c946 c507 c176 c1066 c1076 c1171 c40 c450
GlassOSNextv9
c685 c568 c99 c160 c1261 c1192 c711 c380 c601 c285 c992 c402 c1107 c426 c325 c861 c1435 c957 c650 c659 c1014 c1263 c174 c522 c863 c875 c693 c643 c242 c1290 c405 c1324 c303 c294 c1315 c1071
DuoZv7
c492 c354 c1232 c769 c1106 c960 c1249 c475 c876 c5 c296 c932 c724 c375 c937 c1086 c113 c240 c1293 c1215 c479 c1173 c706 c127 c39 c121 c237 c1417 c1231 c820 c432
FuchsiaSv8
c1486 c1323 c391 c185 c1432 c1292 c246 c830 c438 c342 c603 c490 c1262 c1384 c586 c1053 c1152 c355 c758 c866 c485 c636 c676
SkyNextv7
c314 c856 c630 c1141 c339 c920 c895 c270 c692 c1024 c383 c1389 c372 c32 c330 c602 c1275 c885 c892 c258 c273 c845 c1113 c1245 c1023 c444 c1346 c1441 c1090 c199 c497 c743 c625 c1430 c915 c1469 c1114 c239 c324 c579 c919
ConnectUltrav5
c1198 c1061 c1420 c984 c1182 c81 c698 c731 c139 c1322 c244 c1025 c409 c1005 c103 c1126 c51 c882 c1239 c157 c716 c965 c1343 c286 c1016 c1313 c381 c699 c169 c1451
SearchNextv4
c1495 c253 c1229 c107 c557 c574 c261 c122 c512 c18 c47 c434 c181 c1105 c1319 c726 c1491 c1462 c938 c1060 c859 c1382 c1415 c1376 c382 c958 c138
CurrentsXv7
c1291 c362 c168 c848 c687 c523 c493 c231 c1448 c1065 c85 c308 c1278 c1175 c1286 c101 c407 c677 c249 c1087 c255 c276 c612 c862 c646 c1 c1155 c369 c1133 c707 c82 c388 c74 c621 c759 c202 c236 c983 c792 c481 c890 c204 c467 c366 c345 c949 c1046 c75 c175
DatasetSearchUltrav4
c1412 c12 c525 c802 c1154 c1356 c1465 c930 c186 c900 c93 c1359 c1326 c1383 c775 c321 c415 c205 c1410 c1221 c596 c206 c1281 c1057 c319 c171 c1093 c1117 c132 c638 c1120 c869 c233 c90 c811 c506 c187 c1361 c269
DatasetSearchNextv3
c762 c1161 c611 c967 c243 c1008 c394 c1355 c1429 c370 c1331 c262 c927 c348 c1374 c311 c588 c799 c8 c1104 c1218 c365 c1350 c536 c996 c1167 c425 c152 c2 c1402 c317 c931 c1327 c1342 c1298
ShoppingUltrav6
c1068 c154 c1169 c858 c461 c1052 c533 c1149 c970 c114 c95 c1297 c203 c1318 c723 c112 c278 c282 c1460 c948 c978 c398 c1228 c469 c1380 c1489 c606 c1438 c658 c609 c634 c1199 c864 c689 c925 c947 c1317 c819 c1320 c1340 c761 c340 c764 c420 c1461
DuoProv6
c140 c559 c1404 c1477 c55 c1464 c1197 c871 c1398 c824 c1048 c1321 c1072 c1110 c20 c1466 c16 c1453 c1258 c71 c284 c593
StreetViewLitev5
c598 c835 c1012 c804 c1101 c987 c671 c718 c63 c1401 c1150 c7 c717 c1439 c468 c1118 c13 c439 c1269 c828 c877 c1371 c452 c913 c210 c163 c837 c581 c647 c1011 c973 c1210 c333 c694 c1069 c1032 c542 c484 c812 c539 c328 c1351 c1259 c1002 c911 c119 c177 c1421 c6 c1235 c1022 c1039 c197
PixelMaxv2
c727 c763 c1128 c975 c106 c437 c98 c86 c1055 c1252 c10 c903 c1394 c487 c1296 c1472 c1481 c738 c414 c998 c514 c271 c884 c516 c589 c1028 c597 c530 c962 c1074 c1094 c950 c959 c1077 c442 c1168 c1345 c183 c501 c433 c852 c936 c1246
FinanceNextv3
c1349 c77 c184 c767 c825 c944 c406 c57 c632 c1010 c1237 c832 c1400 c1162 c1307 c447 c87 c472 c1187 c129 c1003 c599 c1180 c701 c69 c429 c1196 c995 c499 c680 c713 c1479 c976 c756 c502 c275 c1031 c823 c968 c1129 c1284 c260 c1459 c1116 c879
FuchsiaZv7
c552 c357 c53 c88 c624 c400 c1476 c1487 c513 c679 c1305 c867 c768 c241 c1271 c1234 c455 c1159 c43 c413 c419 c1029 c914 c1456 c1033 c498 c1362 c42 c1177 c1157 c857 c780 c1299 c670 c961 c347 c1433 c529 c1038 c836 c70 c955 c661 c1403 c1036 c1073 c945 c451 c322 c1329 c299 c1078 c742 c754 c108 c730 c153
SitesMaxv7
c741 c765 c212 c318 c248 c897 c1047 c570 c97 c511 c445 c1112 c104 c1174 c669 c102 c696 c448 c720 c1488 c289 c881 c1026 c1020 c1001 c147 c1497 c431 c772 c78 c404 c963 c887 c1138 c1219 c561 c878 c989 c798 c614 c1427 c22 c52 c1172 c401 c704 c1363 c80 c297 c640 c649 c327 c1272 c554 c179 c34
OsZv8
c1366 c556 c1122 c994 c1049 c410 c1418 c708 c1255 c549 c257 c809 c733 c910 c143 c1200 c829 c1499 c1098 c483 c766 c156 c1409 c1490 c527 c133 c208 c427 c304 c806 c1467 c620 c83 c907 c982 c44 c567 c1226 c846 c4 c1411 c801 c1121 c151 c604 c628 c1130 c926 c465 c510 c803 c1277 c1203 c631 c48 c1040
BooksLitev3
c1183 c172 c460 c1337 c773 c964 c509 c120 c192 c422 c1454 c353 c1063 c571 c618 c441 c1390 c1143 c534 c564 c41 c1035 c782 c546 c1045 c1354 c749 c1494 c912 c750 c335 c477 c482 c849 c702 c1470 c1156 c573 c495 c360 c555 c418 c3 c250 c810 c508
StreamZv6
c684 c49 c38 c1369 c1407 c1125 c1294 c389 c466 c688 c605 c1457 c1108 c235 c364 c1160 c954 c1134 c660 c180 c629 c170 c35 c67 c392 c1018 c209 c386 c60 c1037 c909 c886 c896 c1344 c350 c653 c254 c17 c1392 c550 c193 c1388 c15 c1217 c822 c747 c1109 c416 c1176 c729 c310 c424 c118 c1247
StreamNextv8
c1422 c474 c785 c1257 c1335 c229 c993 c860 c519 c158 c916 c435 c290 c709 c788 c1070 c1067 c595 c753 c1131 c580 c338 c191 c1372 c924 c307 c195 c1289 c1227 c1443 c1303 c161 c234 c393 c1437 c225 c378 c1379 c26 c1334 c870 c1338 c454 c214 c1080 c943
SheetsZv6
c844 c662 c1263 c376 c1006 c1164 c174 c1088 c492 c1286 c1147 c1432 c263 c1322 c139 c1384 c848 c971 c217 c159 c30 c1062 c82 c109 c308 c1053 c0 c1452 c666 c915 c1106 c583 c706 c1141 c72
KeepLitev6
c827 c695 c1084 c1253 c831 c748 c901 c1282 c456 c27 c1153 c1209 c1050 c1436 c1413 c1276 c1043 c149 c673 c789 c1214 c617 c25 c678 c1091 c851 c778 c548 c1124 c821 c1325 c1144 c902 c110
VideoUltrav2
c845 c854 c892 c330 c199 c320 c932 c408 c39 c312 c1024 c438 c517 c861 c553 c1236 c127 c1113 c176 c1076 c273 c630 c1360 c458 c1474 c1498 c683 c1243 c876 c705 c1473 c285 c1127 c411 c1023 c1385 c1389 c1441 c5 c603 c1419 c1097 c283 c692 c1283 c32 c475 c1469 c33 c999 c579 c872
CultureLitev7
c309 c582 c1347 c79 c1220 c1397 c697 c188 c334 c1190 c367 c622 c664 c641 c190 c1463 c600 c985 c1095 c817 c1330 c826 c384 c1445 c11 c725 c1387
AndroidUltrav5
c769 c712 c1290 c255 c585 c981 c494 c1278 c1484 c610 c745 c189 c1004 c381 c1087 c1435 c372 c1428 c75 c1192 c816 c792 c1287 c68 c1231 c522 c668 c568 c615 c1248
FinanceSv2
c764 c203 c1404 c1083 c858 c1005 c186 c270 c340 c689 c538 c1461 c1489 c1281 c598 c877 c497 c222 c1142 c481 c276 c997 c828 c895 c278 c667 c1069 c317 c1275 c531 c671 c871 c723 c114 c1446 c1126 c122 c1048 c1093 c539 c363
OsProv6
c281 c715 c227 c590 c1285 c682 c73 c1051 c64 c1328 c464 c323 c268 c635 c1211 c757 c623 c395 c1027 c1034 c218 c1115 c1007 c520 c379 c1146 c922 c1405 c1081 c642 c651 c374 c833 c794 c619 c1223 c899 c1186 c1274 c397 c1311 c1444 c66 c883 c1230 c834 c162 c544 c1188 c874 c1136 c1308 c1482 c1336 c1163 c219 c125
OsXv9
c1310 c463 c503 c491 c449 c194 c1140 c700 c672 c267 c136 c771 c865 c58 c543 c84 c1377 c1135 c1458 c1381 c904 c1019 c1270 c977 c1170 c428 c1365 c1332 c880 c1367 c470 c489 c1191 c1241 c818 c1370 c1423 c302 c130 c215 c291
DataSv1
c1195 c1021 c1213 c594 c1301 c1030 c196 c681 c1099 c1044 c760 c928 c230 c305 c1449 c736 c292 c528 c891 c783 c1391 c575 c349 c453 c935 c473 c1264 c326 c1352 c714 c134 c1279 c329 c577 c148 c592 c1468 c1058 c247 c1089 c264 c781 c1041 c287 c1207
ChartsLitev5
c168 c1292 c344 c1462 c324 c1012 c86 c13 c1421 c1401 c658 c1430 c1345 c646 c1052 c269 c1438 c1028 c262 c1032 c361 c1158 c137 c126 c93 c557 c415 c414 c763 c724 c530 c233 c1060 c869 c1373 c181 c1359 c1120 c542 c1175 c132 c501 c621 c873 c717 c484 c1402 c1229 c804 c1245
NewsZv4
c639 c1375 c150 c941 c974 c657 c898 c535 c675 c565 c1424 c728 c29 c1492 c36 c537 c889 c1206 c1179 c777 c923 c1348 c843 c385 c1103 c1075 c613 c1426 c1056 c626 c200 c853 c54 c62 c351 c76 c182 c245 c1100 c1092 c744 c656 c315 c1357 c316 c1288 c141 c117 c894 c144
VoiceXv4
c906 c1193 c359 c1312 c547 c358 c500 c1314 c399 c608 c252 c784 c663 c735 c238 c776 c1082 c791 c797 c1306 c1493 c123 c560 c96 c691 c1233 c1485 c1309 c576 c45 c921 c1222 c703 c980 c1316 c387 c1013 c939 c1042 c515 c645 c1238 c417 c301 c850
KeepNextv5
c929 c297 c163 c129 c490 c638 c881 c867 c1218 c288 c1362 c1442 c231 c8 c1149 c1199 c1412 c832 c602 c1240 c511 c493 c649 c447 c1020 c887 c236 c1174 c57 c1307 c1483 c710 c526
WebserverZv3
c1415 c187 c1480 c210 c1104 c1008 c1155 c925 c380 c71 c325 c1011 c1429 c938 c761 c261 c128 c333 c523 c951 c1399 c795 c246 c439 c743 c205 c1208 c1154 c112 c611 c461 c1232 c1169 c55 c866 c659 c965 c1323 c300 c1298 c1464 c882 c1317 c609 c1102
SitesProv9
c337 c221 c551 c969 c207 c368 c211 c1212 c569 c739 c840 c341 c142 c89 c145 c838 c793 c331 c868 c933 c277 c746 c37 c266 c56 c807 c111 c272 c178 c1096 c295 c377 c504 c905 c591 c46 c155 c1250 c751 c770 c1256
FuchsiaLitev1
c356 c732 c293 c855 c1414 c1064 c1184 c957 c480 c1315 c813 c259 c1189 c131 c251 c459 c124 c167 c841 c942 c685 c173 c91 c346 c1201 c1251 c786 c796 c1224 c774 c518 c648 c507 c1205 c652 c457 c655 c99 c373
DreamXv8
c365 c885 c690 c1410 c311 c949 c1339 c893 c1326 c815 c314 c1015 c545 c814 c762 c988 c1343 c755 c1161 c1137 c12 c990 c992 c584 c707 c1383 c1374 c169 c239 c525 c51 c1198 c171 c332 c286 c423 c1090 c799 c574 c407 c185 c319 c237 c394 c19 c536 c47 c204 c50 c152
DaydreamProv6
c107 c967 c581 c978 c665 c1244 c787 c1439 c95 c647 c85 c284 c927 c572 c1221 c468 c1486 c1302 c2 c1061 c1475 c1448 c506 c16 c1242 c1371 c824 c947 c476 c391 c113 c559 c759 c716 c370 c1197 c1009 c578 c820 c819 c837 c7 c355 c198 c1118 c1380 c1150 c256 c588 c805 c469 c521 c1110 c24 c1057 c1356 c63 c1216
ImagesZv5
c959 c279 c1237 c780 c413 c1010 c405 c998 c1491 c1033 c1477 c436 c10 c1177 c888 c738 c624 c1210 c852 c153 c742 c343 c533 c154 c812 c87 c730 c177 c1072 c983 c914 c241 c1495 c1262 c1215 c1077 c1252 c1267 c90 c406 c1416 c1259 c699 c455 c955 c1456 c948 c157 c88 c856 c140 c1187 c70 c1398 c164
ScholarZv1
c306 c1280 c1204 c686 c135 c986 c298 c94 c505 c847 c1139 c1358 c566 c1119 c390 c1254 c226 c220 c842 c719 c722 c274 c940 c1151 c116 c265
DatasetSearchZv7
c402 c223 c488 c478 c201 c1014 c23 c1406 c1265 c918 c1324 c1145 c403 c412 c92 c1085 c1440 c1393 c1266 c1450 c779 c1431 c637 c1368 c1304 c165 c280 c1066 c336 c1478 c1260 c1395 c587 c1333 c1165 c14 c115 c875 c607 c1166 c863 c524 c563 c953 c917 c65 c558 c1341
DaydreamUltrav1
c601 c120 c1029 c961 c1040 c571 c1183 c1390 c1107 c989 c371 c1200 c477 c1228 c702 c509 c41 c1479 c945 c510 c801 c197 c534 c1162 c1068 c514 c930 c422 c1182 c1455 c644 c1467 c1299 c303 c1354 c1295 c495 c950 c1351 c1305 c432 c573 c77 c849 c1271
DuoMaxv4
c242 c442 c1272 c1400 c472 c680 c401 c151 c1130 c756 c946 c1138 c803 c427 c98 c570 c982 c304 c275 c1226 c636 c1026 c862 c765 c369 c1318 c1363 c1411 c388 c78 c243 c22 c143 c540 c1065 c975 c434 c1122 c133 c83
VoiceUltrav2
c705 c1144 c354 c1360 c39 c599 c764 c67 c1321 c1159 c404 c1131 c614 c632 c729 c1258 c458 c1101 c433 c451 c851 c1016 c1192 c669 c670 c1369 c723 c235 c892 c1461 c641 c782 c1093 c895 c932 c827 c1080 c1172 c416 c767 c1196 c330 c689 c788 c692 c384 c1327 c1382 c1385 c222
DaydreamSv6
c357 c879 c1236 c310 c1225 c1112 c1053 c878 c1125 c579 c1097 c110 c350 c653 c1160 c229 c907 c475 c1059 c240 c34 c999 c127 c775 c1338 c956 c790 c839 c1113 c282 c102 c846 c831 c454 c1366 c191 c1127 c1276 c1329 c26 c1481 c1121 c1389 c1074 c1466 c139 c854 c1473 c1203
ChromeZv7
c589 c27 c823 c1419 c1239 c1311 c1332 c553 c896 c818 c43 c1285 c671 c991 c936 c1261 c1482 c1083 c209 c395 c1286 c600 c1381 c725 c1444 c49 c289 c548 c382 c1278 c640 c381 c817 c810 c321 c1342 c38 c273 c1330 c861 c902 c555 c1446 c489 c678 c146 c1153 c874 c922 c179
YouTubeMaxv8
c1 c366 c1386 c586 c258 c467 c228 c919 c1000 c105 c249 c224 c677 c166 c1447 c1496 c1425 c643 c1123 c687 c1202 c138 c1181 c1152 c100 c40 c443 c693 c937 c890 c450 c294 c740 c462 c920 c479 c74 c1396 c1417
AndroidTVMaxv4
c1220 c196 c923 c1438 c1468 c323 c530 c904 c269 c565 c1421 c1136 c126 c1391 c656 c1052 c869 c292 c1230 c393 c724 c1095 c62 c1370 c613 c1186 c276 c338 c208 c86 c575 c928 c994 c75 c1179 c623 c470 c482 c305 c1032 c452 c54 c1140 c977 c1231 c340 c233 c1091 c136 c60 c1034 c1297 c299 c466 c672 c312 c871 c543 c1207
GlassOSUltrav7
c18 c103 c966 c409 c654 c1293 c1071 c1408 c979 c952 c59 c737 c1111 c486 c1171 c734 c421 c342 c1268 c1249 c1376 c1420 c31 c160 c1378 c562 c202 c28 c362 c61 c444 c1114 c633 c1054 c650 c676 c496 c1273
SkyUltrav1
c694 c485 c1488 c713 c69 c1409 c1047 c184 c960 c806 c483 c212 c4 c674 c318 c1427 c1433 c1349 c516 c1194 c1364 c720 c313 c104 c908 c1105
PhoneProv7
c794 c1469 c170 c1453 c471 c1489 c968 c35 c1007 c1069 c651 c25 c348 c1422 c1290 c278 c1036 c11 c549 c283 c642 c520 c605 c778 c1087 c367 c125 c877
SantaTrackerSv6
c931 c811 c1296 c1275 c1487 c567 c53 c1070 c1253 c1128 c826 c376 c1142 c309 c1337 c441 c706 c667 c320 c673 c161 c580 c189 c270 c33 c1023 c845 c392 c985 c836 c1006
PatentsLitev7
c426 c1392 c754 c1046 c546 c662 c159 c768 c749 c1443 c704 c634 c727 c554 c353 c750 c328 c1470 c20 c1134 c924 c213 c419 c386 c897 c844 c1303 c1049 c360 c30 c1418 c829 c964 c498 c195 c802 c773 c446 c400 c418 c860 c1217 c1094 c1454 c541 c864 c701 c1157
LearnNextv3
c1283 c417 c1009 c256 c198 c163 c164 c456 c1256 c109 c527 c95 c523 c316 c24 c925 c1221 c983 c914 c1426 c515 c319 c535 c990 c272 c1435 c545 c1189 c504 c178 c812 c955 c776 c1267
SlidesXv7
c714 c132 c711 c943 c453 c463 c712 c79 c821 c668 c688 c1223 c378 c1229 c326 c666 c484 c833 c935 c804 c1289 c1430 c958 c1269 c891 c606 c880 c603 c1497 c383 c612 c503 c1115 c374 c1168 c1404 c625 c253 c1019 c1213 c783 c1462 c287 c870 c130 c52 c322 c499 c538 c255 c834 c748 c1344 c763
SmartLitev2
c339 c236 c941 c1209 c359 c850 c703 c542 c194 c639 c1012 c1233 c248 c744 c939 c335 c440 c645 c64 c616 c797 c1274 c344 c663 c247 c760
DrawingsUltrav1
c1413 c617 c1043 c347 c1407 c539 c901 c828 c718 c1055 c772 c1176 c481 c745 c307 c32 c372 c660 c987 c664 c68 c1048 c981 c531 c217
DrawingsLitev8
c42 c708 c733 c926 c216 c679 c1116 c1499 c910 c1031 c1180 c1086 c327 c183 c884 c398 c425 c9 c1133 c1465 c809 c1073 c175 c48 c1277 c857 c631 c21 c1002 c1394 c437 c296 c1038 c532 c101 c410 c206 c156 c106 c502 c352 c1098 c271 c1234 c1132 c627 c487 c1490 c976 c911 c973 c6 c119 c80
DatabaseUltrav7
c385 c1306 c111 c1343 c1051 c1301 c770 c1315 c799 c1302 c1326 c87 c1072 c1056 c436 c1170 c1252 c1262 c57 c239 c414 c743 c1456 c1039 c819 c279 c1205 c881 c1377 c1325 c731 c577 c1081 c1177 c887 c148 c145 c781 c615 c947 c1033 c1088 c1028 c755 c346 c517 c1287 c624 c455 c1210 c144 c413 c70 c1383 c582 c1224
SearchUltrav1
c301 c266 c759 c1150 c1165 c350 c575 c1450 c710 c1266 c1292 c1389 c715 c599 c846 c135 c543 c40 c1136 c138 c1366 c855 c699
CodeNextv2
c470 c647 c967 c482 c898 c286 c331 c438 c810 c561 c1059 c371 c569 c1231 c454 c475 c788 c904 c477 c49 c1444 c643 c740 c524
FlightsUltrav5
c954 c970 c82 c1079 c1078 c121 c909 c698 c214 c1255 c550 c513 c1460 c234 c1156 c1257 c193 c1476 c72 c1294 c508 c257 c886 c1355 c620 c192 c944 c445 c996 c1063 c1334 c1022 c435 c1284 c1109 c118 c1320
VoiceLitev9
c835 c1379 c424 c225 c512 c1024 c1388 c1313 c429 c1148 c1035 c789 c1434 c465 c1372 c1247 c661 c915 c1346 c1494 c721 c250 c1282 c747 c1143 c1474 c798 c1076 c822 c552
SantaTrackerLitev5
c1410 c1425 c479 c1050 c1468 c489 c408 c1230 c861 c1350 c369 c610 c197 c365 c105 c1144 c1123 c157 c1447 c565 c650 c1183 c421 c1393 c979 c874 c103 c202 c54 c1448 c1329 c451 c1305 c1397 c956 c1358 c249 c528 c160 c263 c1248 c462 c113 c1065 c623
FlightsXv2
c626 c697 c1018 c1188 c329 c1357 c420 c682 c203 c1120 c630 c29 c1008 c1264 c1108 c784 c1441 c1328 c757 c1175 c1316 c176 c526 c473 c1013 c564 c511 c1011 c604 c1323 c1423 c254 c379 c882 c1174 c1243 c497 c1387 c1241 c876 c1104 c830 c182 c491 c73 c1147 c1401 c500 c1169 c867 c766 c1099 c681 c333 c894 c345 c583
PhoneProv5
c1164 c1416 c1146 c422 c1440 c1215 c459 c1182 c155 c133 c186 c680 c685 c1014 c41 c566 c84 c1341 c641 c65 c854 c722 c1130 c223 c1163 c689 c1113 c1475 c1324 c1461 c1479 c622 c22 c1385 c1276 c325 c34 c154 c1212 c761 c723 c729 c1093 c428 c1005 c235 c423 c412 c303 c92 c1097
WebserverMaxv3
c377 c411 c578 c1198 c1458 c1463 c786 c173 c1314 c149 c162 c912 c1373 c965 c187 c19 c1245 c1347 c238 c96 c468 c906 c1352 c244 c1161 c866 c777 c594 c652 c7 c707
ChromeProv4
c1219 c1037 c646 c1067 c1319 c1126 c858 c519 c595 c1100 c218 c415 c1402 c556 c769 c494 c230 c1459 c180 c537 c1045 c657 c364 c785 c358 c1331 c1193 c576 c808 c1173 c260 c1117 c449 c389 c397 c1103 c547 c1084 c675 c859 c460
TranslateSv8
c1191 c741 c597 c683 c464 c873 c816 c215 c905 c172 c0 c1214 c150 c205 c1336 c619 c1457 c190 c628 c1432 c211 c969 c568 c56 c899 c726 c1075 c1403 c76 c264 c1317 c1335 c1288 c1021 c1001 c1129 c58 c1492 c448 c596
ChatLitev7
c525 c507 c37 c889 c608 c356 c843 c814 c3 c245 c291 c204 c167 c1058 c709 c841 c439 c1361 c1092 c1445 c1250 c593 c134 c492 c825 c1227 c1015 c648 c1279 c1206 c700 c1298 c992 c375 c584 c152 c868 c551 c407 c1124 c219 c957 c739 c1158 c655 c1365 c995 c1414 c368 c55 c1348
AndroidTVProv9
c571 c23 c940 c293 c950 c402 c1060 c959 c510 c171 c951 c302 c274 c1184 c1237 c51 c1412 c370 c226 c1464 c573 c90 c116 c115 c495 c406 c716 c405 c1483 c1211 c730 c1280 c1041 c1478 c1102 c972 c50 c1405 c461 c978 c1119 c1485 c1040
VoiceProv4
c1044 c200 c13 c47 c297 c1141 c46 c1380 c314 c1263 c574 c717 c315 c598 c1197 c560 c12 c469 c572 c916 c181 c457 c394 c1472 c609 c1429 c934 c147 c927 c232 c1118 c751 c1493 c284 c848
BloggerProv4
c194 c1208 c272 c896 c114 c323 c198 c222 c1091 c426 c877 c1382 c440 c885 c1374 c660 c170 c1267 c79 c136 c625 c732 c484 c1486 c842 c1152 c189 c316 c60 c1178 c693 c1274 c664 c1269 c1217 c44 c864 c283 c261 c727 c891 c632 c669 c372 c1061 c613 c878 c1272
SearchLitev1
c107 c324 c1110 c658 c1089 c852 c986 c128 c1398 c1201 c16 c1003 c813 c1307 c856 c1375 c792 c1251 c1030 c1281 c581 c337 c298 c974 c618 c1339 c853 c1428 c122 c1082 c288 c17 c771
CurrentsUltrav6
c153 c1135 c1166 c753 c1384 c480 c591 c558 c1228 c1270 c120 c1406 c989 c719 c1107 c686 c1477 c529 c998 c946 c1399 c695 c242 c141 c1455 c1371 c948 c1491 c98 c782 c756 c334 c220 c988 c1200 c97 c1172 c827 c738 c94 c332 c533 c1137 c243 c501 c442 c702 c14 c1363 c635 c872 c993
AndroidMaxv2
c351 c913 c1417 c196 c765 c1498 c1446 c1114 c932 c1400 c229 c1353 c949 c299 c803 c676 c265 c208 c1179 c100 c267 c665 c1333 c534 c851 c404 c1057 c1122 c432 c1171 c2 c875 c305 c433 c1312 c1278 c1010 c637 c800 c936
DataSv2
c6 c1368 c902 c888 c417 c416 c1116 c910 c531 c502 c592 c847 c1203 c754 c1473 c837 c539 c156 c378 c773 c976 c828 c701 c74 c1354 c327 c542 c1204 c241 c9 c634 c487 c546 c922 c1340 c1296 c538 c684 c466 c361 c733 c778 c580 c1055 c809 c296 c88 c1390 c840 c1140 c659 c968 c1009 c1052 c1133 c1087
TranslateXv6
c831 c387 c340 c1240 c559 c25 c1189 c1419 c11 c1332 c1256 c1 c1303 c1436 c123 c1454 c678 c142 c824 c161
ChartsLitev1
c309 c645 c518 c688 c1297 c515 c1327 c453 c1054 c93 c383 c602 c530 c522 c649 c1020 c1225 c850 c30 c259 c395
FormsZv3
c174 c588 c443 c1125 c83 c1121 c672 c607 c687 c1249 c928 c166 c1330 c920 c742 c774 c892 c807 c1295 c966 c1273 c1186 c1321 c1369 c354 c158 c933 c1260 c633 c1207
GroupsProv2
c1069 c1452 c871 c606 c59 c143 c78 c520 c952 c554 c1026 c724 c1376 c535 c184 c549 c869 c863 c1484 c662 c605 c1168 c962 c35 c71 c794 c320 c817 c923 c1481 c374 c1443 c897 c1094 c304 c66 c117 c1115 c1192 c514 c955 c53 c711 c110 c1367 c953 c796 c585 c69 c666
ImagesNextv7
c108 c1101 c589 c146 c791 c762 c1471 c1083 c10 c277 c601 c505 c1254 c982 c1162 c262 c1222 c1190 c644 c961 c1187 c1359 c308 c521 c838 c570 c1285 c1106 c488 c177 c942 c285 c275 c1074 c1112 c991 c63 c1080 c963 c89 c490 c472 c36 c1411 c1226 c295 c971 c1271 c231 c579 c38 c1360 c5 c945 c557 c434 c431
MarsNextv7
c586 c1409 c1216 c132 c516 c1007 c1337 c399 c767 c126 c642 c783 c1364 c614 c444 c1032 c735 c914 c485 c1381 c474 c498 c964 c388 c401 c33 c690
DreamUltrav3
c376 c541 c895 c201 c1299 c1046 c506 c1090 c1487 c195 c1160 c638 c832 c380 c651 c467 c844 c734 c1131 c409 c815 c441 c191 c562 c1439 c91 c752 c31 c179 c496 c1349 c62 c1036 c1451 c694 c654 c318 c321 c977 c221 c168 c104 c338 c823 c1265 c159 c1153 c360 c450 c129
ScholarMaxv3
c1462 c4 c1185 c213 c471 c806 c1386 c353 c1378 c1338 c1236 c656 c555 c714 c1351 c720 c553 c829 c251 c130 c1418 c849 c125 c1246 c1071 c400 c1304 c212 c1134 c750 c463 c1167 c1467 c1196 c233 c1391 c999 c1470 c282 c503 c696 c109 c1469 c228 c1344 c258 c127 c862 c790 c137 c924
ShoppingUltrav1
c1494 c941 c1013 c421 c240 c1174 c1138 c617 c600 c865 c621 c1230 c1205 c357 c630 c473 c1210 c1195 c931 c52 c677 c1496 c1415 c1188 c348 c1482 c1490 c1086 c1105 c821 c1310 c1085 c234 c1183 c757 c483 c1139 c1355 c1042 c788 c1305 c359 c1437 c1234 c704 c1120 c470 c247 c810
ShoppingProv1
c861 c1014 c1393 c291 c1148 c814 c90 c76 c723 c1329 c584 c362 c365 c1476 c730 c1253 c1414 c616 c608 c685 c1211 c623 c1145 c292 c227 c209 c1306 c217 c1450 c1474 c1456 c384 c887 c102 c1301 c223 c373 c763 c382 c138 c716 c1066 c172 c1294 c164 c407 c27 c1113 c739 c1031 c975 c680
SlidesMaxv6
c204 c1058 c287 c1084 c857 c1170 c250 c155 c777 c1433 c40 c326 c899 c532 c1219 c276 c211 c42 c1164 c1372 c356 c770 c244 c675 c1180 c543 c1154 c1434 c423 c1067 c1241 c1212 c1445 c1117 c631 c497 c1024 c1341 c264 c1161 c900 c705 c906 c1287 c1383 c709 c508 c565 c290 c879 c312 c45 c451 c1108 c1155 c1465 c448 c1279
GameMaxv5
c1076 c476 c1277 c1264 c310 c1224 c500 c1081 c478 c1425 c436 c328 c29 c278 c1284 c846 c898 c1389 c437 c1293 c737 c489 c1460 c87 c319 c1202 c1056 c75 c286 c994 c458 c768 c787 c740 c192 c1109
TravelUltrav7
c1073 c281 c1143 c486 c263 c1231 c347 c1387 c980 c867 c165 c1028 c960 c1480 c641 c329 c21 c612 c749 c39 c639 c1430 c499 c266 c1051 c1233 c860 c640 c202 c412 c1461 c954 c1176 c1169 c1324 c475 c747 c414 c1252 c1248 c1357 c1039 c1453 c1423 c766 c203 c330 c1025 c103 c408 c876 c452 c214 c761 c926 c317 c1243
ArtsSv6
c1149 c745 c1064 c736 c1070 c811 c15 c1300 c797 c24 c1151 c1049 c456 c907 c1421 c1019 c341 c1244 c1095 c1259 c393 c1488 c199 c68 c269 c744 c8 c692 c363 c563 c935 c1422 c64 c418 c18 c728
PatentsXv6
c1225 c355 c1152 c1266 c218 c698 c219 c856 c161 c487 c32 c1384 c993 c649 c1312 c255 c772 c1199 c759 c972 c403 c1092 c222 c387 c725 c628 c1165 c100
DaydreamLitev6
c578 c590 c273 c111 c979 c667 c186 c37 c1229 c873 c1479 c1319 c646 c568 c139 c375 c397 c629 c1458 c1435 c712 c366
LearnNextv9
c1103 c540 c1091 c988 c392 c1087 c1491 c185 c1444 c866 c1089 c220 c230 c1420 c325 c1043 c1057 c462 c620 c370 c539 c773 c333 c464 c1220 c1497 c632 c1320 c718 c813 c1426 c896 c79 c501 c719 c1228 c480 c1118 c112 c922 c622 c859 c885 c726 c364 c1377
YouTubeZv3
c1307 c197 c1255 c335 c84 c216 c812 c502 c48 c77 c416 c534 c432 c733 c260 c609 c934 c194 c847 c946 c615 c835 c1110 c346 c324 c1171 c1250 c560 c1010
WearOSMaxv2
c1193 c619 c1336 c336 c1401 c1483 c830 c708 c148 c1218 c951 c115 c715 c1059 c1410 c1098 c706 c1221 c858 c1238 c1132 c279 c1002 c253 c717 c118 c1362 c492 c34 c959 c1380 c1316 c394 c173 c956 c808 c795 c915 c245 c1197 c252 c537 c884 c22 c820 c1485 c939 c367 c550 c284 c1326 c626 c350 c167 c1242 c1292 c23 c405
DocsSv8
c531 c1146 c1133 c1343 c1129 c268 c226 c607 c469 c1077 c840 c1135 c1137 c82 c981 c307 c466 c1295 c754 c1403 c1125 c372 c880 c1260 c853 c265 c892 c1495 c1397 c669 c1269 c645 c515 c136 c1128 c417 c929 c459 c1332 c426 c156 c259 c19 c345 c1001 c316 c824 c774 c519 c210 c1163
ResearchProv3
c1325 c1333 c652 c1385 c930 c1493 c28 c196 c171 c149 c1352 c707 c536 c297 c3 c1371 c937 c1354 c119 c1345 c378 c1431 c94 c637 c1417 c187 c1099 c624 c679 c254 c391 c455 c1122 c46 c176 c303 c1406 c746 c610 c145 c379 c909 c973 c430 c332 c1034 c1361 c1179 c891
GmailLitev6
c1046 c1144 c257 c596 c535 c1184 c1351 c1201 c427 c864 c472 c721 c128 c676 c1484 c318 c527 c955 c1168 c557 c0 c49 c428 c1347 c660
CastOSUltrav6
c460 c924 c862 c90 c1029 c407 c1265 c594 c1109 c465 c1446 c533 c198 c794 c1140 c1378 c584 c131 c1161 c110 c916 c1323 c826 c429 c767 c467 c125 c554 c1372 c182 c556 c137 c1183 c404
PhoneMaxv8
c1139 c1305 c235 c321 c1245 c195 c1030 c1249 c1388 c677 c1462 c1210 c453 c353 c124 c234 c1175 c654 c212 c231
StreetViewNextv7
c362 c899 c758 c312 c783 c1381 c1466 c354 c389 c164 c1079 c1474 c521 c1340 c440 c1443 c1188 c870 c938 c117 c295 c1016 c337 c600 c40 c1236 c1314 c1217 c999 c360 c875 c180 c395 c223 c978 c296 c12 c1036 c10 c484 c1063 c106 c441 c932
PatentsMaxv8
c729 c843 c238 c1328 c274 c526 c468 c1440 c1215 c207 c381 c1407 c573 c96 c73 c576 c1041 c449 c1023 c163 c511 c593 c513 c1331 c246 c1370 c992 c925
PatentsNextv9
c132 c1037 c108 c634 c142 c530 c1321 c910 c816 c1256 c1186 c664 c914 c644 c961 c89 c1107 c1413 c1232 c1114 c1376 c1000 c995 c280 c261 c751 c963 c241 c344 c181 c807
ChromecastNextv4
c85 c883 c1416 c893 c1268 c825 c894 c1142 c493 c1379 c582 c611 c1447 c271 c339 c1012 c479 c1308 c1286 c101 c655 c368 c921 c1441 c385 c1408 c1177 c689 c311 c996 c80 c755 c58 c86 c789 c95 c293 c239 c1011 c674 c116 c1021 c105 c1119 c1027 c564 c1394 c7 c1317 c1478 c1492 c1288 c509 c183 c943 c957 c799 c1047 c402
AndroidAutoUltrav9
c567 c1382 c986 c107 c1017 c1005 c1313 c1350 c944 c868 c67 c1358 c919 c1457 c1348 c1412 c552 c1111 c1311 c671 c358 c343 c1235 c673 c47
CurrentsLitev5
c769 c686 c571 c1346 c477 c135 c950 c1209 c190 c298 c1062 c81 c618 c13 c583 c842 c56 c574 c41 c1208 c1463 c1136 c845 c764 c597 c504 c545 c302 c461 c558 c272 c958 c702 c157 c415 c604 c710 c1150 c1239 c650 c20 c854 c1405 c905
FinanceUltrav8
c43 c213 c966 c653 c1185 c315 c517 c483 c732 c642 c879 c1124 c1355 c1337 c1280 c488 c9 c603 c792 c865 c179 c1230 c1258 c285 c630 c1454 c651 c371
ScholarUltrav8
c900 c1475 c1364 c680 c15 c240 c188 c448 c851 c500 c310 c1490 c18 c1452 c281 c685 c1390 c33 c1051 c1418 c251 c175 c1482
PhoneUltrav9
c1038 c827 c1088 c1044 c113 c1222 c494 c243 c1159 c1053 c1270 c1158 c143 c952 c928 c1237 c551 c1112 c1428 c1172 c144 c927 c948 c1464 c1226 c665 c967 c1398 c275 c30 c802 c838
KeepXv8
c779 c1130 c612 c796 c538 c923 c425 c1042 c1341 c1279 c701 c130 c1008 c1224 c888 c976 c1167 c292 c1499 c1198 c1101 c305 c1468 c287 c2 c1174 c291 c419 c53 c390 c162 c294 c656 c1117 c236 c225 c970 c591 c1212 c659 c805 c313 c1438
StreetViewNextv4
c369 c867 c434 c433 c166 c806 c821 c1240 c882 c199 c1259 c503 c1085 c457 c804 c1104 c1322 c308 c233 c523 c442 c1100 c1387 c744 c1422 c1178
PhoneUltrav7
c1060 c947 c809 c743 c1247 c1363 c11 c1074 c902 c662 c834 c595 c547 c1035 c446 c1281 c495 c122 c1369 c731 c940 c1072 c953 c724 c765 c26 c512 c71 c17 c1102 c1052 c505 c1106 c158 c936 c177 c672 c1082 c1126 c262 c1296
AndroidXv6
c982 c930 c1073 c711 c407 c284 c1032 c956 c403 c807 c202 c978 c614 c869 c1063 c502 c1383 c963 c467 c1162 c1269 c277 c621 c365 c108 c10 c466 c1352 c912 c1246 c1400 c935 c1362 c635 c540 c438 c1446 c237 c1095 c1284 c349 c421 c897
KeepMaxv2
c962 c476 c399 c1407 c891 c186 c129 c103 c63 c785 c1326 c1189 c527 c137 c1176 c1065 c823 c1131 c1421 c23 c432 c97 c1059 c981 c793 c145 c181 c3 c1140 c96 c197 c321 c539 c296 c762 c979 c472
KeepMaxv1
c1377 c445 c683 c1071 c866 c855 c942 c578 c631 c336 c972 c1494 c1319 c739 c1076 c1155 c1138 c1301 c317 c394 c1086 c863 c1274 c1272 c708 c714 c1469 c1473 c247 c907 c833 c485 c553 c1471 c572 c1373 c960 c1248 c588 c64
FeedBurnerMaxv5
c456 c691 c668 c951 c687 c1234 c299 c791 c968 c350 c245 c537 c667 c715 c1448 c1241 c613 c860 c681 c382 c167
SlidesUltrav6
c303 c1318 c1283 c1231 c473 c789 c1177 c1019 c761 c483 c531 c545 c1270 c851 c802 c619 c30 c813 c664 c556 c443 c147 c820 c928 c342 c1187 c363 c1384 c56 c1107 c1113 c1214 c829 c263 c741 c36 c1111 c759 c1392 c868 c1457 c156 c1149 c895 c431
TranslateXv8
c723 c204 c585 c269 c768 c380 c696 c801 c1304 c1374 c1436 c1243 c168 c555 c887 c408 c55 c1056 c1329 c1273 c657 c693 c839 c412 c93 c1310 c814 c1204 c1108 c29 c396 c52 c1007 c1049 c1141 c1294 c1334 c831 c990 c109 c750 c1433 c1414 c423
SmartZv3
c301 c331 c37 c1190 c1070 c756 c16 c971 c1458 c748 c747 c1018 c21 c532 c1134 c289 c1120 c933 c481 c566 c499 c397 c749 c641 c490 c1312 c514 c1061 c1451 c546 c844 c31 c1277 c1459 c1287 c217 c987 c797 c24 c1423 c278 c5
DuoMaxv3
c451 c264 c1302 c1110 c244 c99 c436 c736 c712 c1099 c1181 c1401 c742 c348 c770 c378 c82 c832 c469 c1455 c62 c1206 c319 c649 c901 c98 c550 c115 c123 c268 c1324 c161 c1385 c652 c557 c624 c455 c1403 c328 c1282 c83 c173 c640 c1229 c625 c1409 c373 c939 c777 c1252
WebserverZv2
c1320 c1375 c280 c1097 c1151 c1006 c40 c416 c1371 c549 c1450 c633 c671 c1012 c444 c917 c1492 c1124 c1317 c479 c877 c226 c584 c78 c1285 c1467 c1432 c998 c89 c1216 c409 c965 c463
ResearchProv1
c257 c980 c808 c1020 c920 c497 c786 c306 c1289 c75 c579 c1431 c1054 c1347 c1028 c699 c643 c174 c357 c590 c165 c126 c1493 c864 c847 c69
WebserverUltrav9
c1412 c1336 c281 c1067 c1062 c198 c1048 c1119 c117 c478 c252 c110 c1328 c903 c524 c106 c1306 c772 c441 c760 c611 c513 c424 c188 c1096 c1170 c1452 c1251 c858 c533 c1418 c623 c80 c84 c1258 c1487 c235 c896 c1394 c996 c949 c583 c332 c298 c1323 c330 c249 c1292 c18 c1132 c361 c140 c943
BloggerLitev9
c1393 c610 c1051 c660 c101 c494 c859 c991 c271 c460 c828 c745 c305 c228 c538 c76 c945 c857 c1483 c1228 c784 c1490 c124 c260 c430 c1121 c414 c1030 c1000 c1066
ExploreUltrav7
c1395 c1147 c1163 c265 c1084 c871 c837 c1368 c562 c647 c1058 c1293 c127 c508 c286 c1262 c1182 c1123 c74 c1496 c997 c1460 c726 c44 c1442 c561 c375 c738 c267 c1193 c1397 c1426 c192 c1045 c725 c1031
BloggerMaxv1
c1116 c266 c139 c964 c338 c450 c1105 c815 c452 c876 c1153 c229 c172 c1402 c719 c661 c563 c205 c148 c1399 c1266 c718 c327 c706 c1486 c1380 c68 c290 c1415 c1092
WebserverUltrav6
c1215 c915 c1009 c803 c60 c1090 c639 c453 c114 c1129 c90 c1050 c72 c1360 c496 c740 c973 c88 c1462 c1165 c729 c1389 c694 c1470 c993 c475 c1435 c1188 c1217 c27 c104 c1453 c120 c676 c634
DuoXv4
c297 c366 c926 c1205 c1410 c191 c695 c492 c1333 c638 c746 c988 c989 c1103 c570 c1169 c377 c1238 c19 c1098 c87 c46 c316 c352 c1223 c1391 c391 c620 c601 c1001 c1135 c1425 c393 c678 c959 c1406 c884 c692
VideoNextv3
c389 c118 c322 c1303 c312 c1244 c94 c1404 c1472 c751 c464 c274 c221 c276 c1275 c7 c258 c77 c150 c717 c1344 c395 c559 c1298 c1434 c447 c1268 c1378 c582 c355 c1183 c489 c773 c1411 c506 c1276 c1265 c1184 c184 c509 c254 c112 c728 c491 c73 c344 c288 c216 c1145 c541 c798 c848 c675 c622 c153 c910 c1027 c1122
AlertsLitev8
c874 c1363 c1172 c1137 c1069 c285 c1359 c1035 c149 c1008 c471 c1355 c15 c713 c1130 c1230 c404 c202 c551 c400 c1286 c911 c105 c659 c505 c586 c1443 c1264 c827 c517 c160 c710 c1340 c732 c1481 c91 c1075 c982 c825 c41 c935 c438 c947 c14 c1017 c954 c132 c1408 c686 c711 c809 c86 c493 c936 c616
PatentsNextv7
c1300 c861 c210 c529 c32 c1316 c354 c817 c224 c1010 c1154 c516 c320 c1146 c1218 c1166 c1242 c722 c587 c536 c1191 c1476 c1025 c119 c22 c335 c1109 c428 c1444 c599 c581 c999 c203 c170 c1419 c735 c187 c705 c1250 c932 c155 c818 c1161 c458
AndroidAutoUltrav7
c906 c1 c918 c215 c4 c769 c223 c811 c938 c665 c189 c754 c904 c384 c774 c881 c440 c383 c81 c1133 c1011 c604 c310 c931 c1424 c927 c1202 c461 c113 c1388 c1498 c1417 c401 c439 c34 c1429 c865 c25 c6 c913 c1236 c487 c838 c1199 c1381 c1456 c282 c1447
LearnXv9
c1318 c1332 c1052 c588 c465 c1279 c1138 c1372 c219 c427 c63 c1243 c1139 c296 c213 c339 c618 c1297 c1101 c369 c1273 c137 c238 c775 c1357 c247 c1198 c526 c870
KeepUltrav4
c922 c983 c955 c470 c1280 c785 c138 c349 c425 c707 c1174 c765 c1437 c855 c1263 c462 c488 c482 c852 c535 c308 c952 c1225 c1239 c727 c1259 c1179 c92 c720 c537 c1296 c597 c1237 c1485 c793 c894 c791 c1192
ImagesSv1
c619 c55 c100 c250 c364 c351 c1299 c679 c704 c233 c575 c674 c1082 c1002 c826 c1026 c433 c1271 c49 c1382 c937 c1108 c1117 c1060 c916 c324 c576 c1022 c486 c608 c468 c615 c1032 c396 c429 c454 c957
SmartXv9
c1064 c459 c1465 c594 c1249 c534 c1152 c403 c1281 c500 c1201 c527 c294 c523 c1350 c1148 c67 c1021 c950 c128 c511 c930
ClassroomLitev4
c1104 c1432 c378 c980 c925 c72 c240 c9 c1018 c107 c558 c1317 c1398 c1123 c451 c261 c749 c873 c1400 c120 c162 c168 c1053
ShortsSv9
c663 c759 c212 c899 c1416 c813 c1173 c200 c779 c820 c762 c13 c635 c1349 c806 c1469 c108 c1387 c1441 c365 c334 c2 c71 c1100 c715 c359 c929 c1077 c1162 c376 c418 c456 c211 c302 c1327 c644 c1113 c17 c1373 c1186 c1274 c3 c190 c1383 c33 c218 c897 c802 c1107 c284 c1136 c578 c445 c166 c668 c1339
SheetsNextv8
c305 c45 c329 c591 c319 c291 c227 c716 c1038 c1047 c1057 c596 c763 c656 c569 c326 c1120 c600 c481 c1364 c188 c436 c271 c1235 c298 c889 c89 c524 c1056 c1128 c784 c1487 c948 c1461 c1134 c566 c1175 c51 c1366 c528 c1247 c62 c574 c1256 c1141 c1180 c242
SheetsProv2
c928 c1071 c900 c1451 c617 c685 c1115 c830 c495 c767 c1012 c708 c696 c35 c53 c30 c381 c840 c1224 c12 c893 c748 c831 c409 c1310 c832 c693 c1049 c1278 c1150 c1126 c498 c38 c79 c1074 c1110
SitesZv6
c77 c622 c1472 c821 c420 c723 c636 c1333 c1114 c538 c1455 c978 c541 c424 c1328 c1295 c642 c377 c1255 c322 c460 c1149 c1407 c94 c1459 c1462
ChartsXv8
c195 c934 c140 c1493 c1226 c516 c817 c506 c497 c1008 c228 c392 c110 c88 c264 c1165 c149 c654 c1205 c1228 c446 c1222 c86 c1046 c132
SnapshotSv6
c1291 c1167 c1370 c996 c327 c76 c225 c1231 c1190 c221 c1433 c1158 c229 c646 c1471 c1262 c837 c361 c106 c411 c26 c1289 c583
TranslateUltrav1
c888 c1232 c80 c659 c1347 c260 c902 c805 c774 c669 c4 c1270 c865 c1480 c320 c290 c623 c175 c657 c1377 c493 c1470 c245 c453 c818 c1260 c828 c754 c1484 c825 c63 c1494 c549 c699 c1138 c908 c986 c97 c994 c1089 c909 c745 c807 c992 c728 c799 c395 c24 c458 c267 c1490
StorageXv7
c1450 c756 c331 c655 c974 c437 c627 c1474 c1034 c1063 c671 c550 c613 c1353 c141 c8 c270 c59 c323 c29 c1430 c650 c795 c360 c1211 c866 c755 c869 c590 c1016 c1196 c397 c362 c920 c164 c146 c514 c963 c1005 c895 c626 c1376 c472 c444 c703 c1326 c875 c42
ConnectUltrav1
c811 c1121 c1306 c1030 c496 c1102 c859 c54 c604 c374 c178 c580 c1396 c666 c474 c572 c725 c306 c1218 c74 c753 c1324 c769 c1193 c1200 c750 c701 c234 c316 c570 c1491 c1496 c672 c60 c196 c192 c287 c471 c1076 c136
DatasetSearchXv2
c1485 c73 c946 c1332 c1425 c1199 c391 c1118 c1368 c512 c1132 c1181 c1318 c1195 c341 c1314 c1204 c692 c194 c184 c438 c1252 c921 c911 c112 c942 c114 c303 c630 c279 c313 c947 c838 c277 c735 c199 c1170 c235
ConnectNextv5
c746 c101 c773 c36 c417 c554 c44 c632 c276 c265 c718 c11 c1219 c1027 c269 c981 c139 c1085 c1098 c344 c255 c144
StorageMaxv1
c1348 c415 c1125 c1272 c201 c1019 c176 c1203 c687 c972 c1436 c239 c431 c658 c169 c760 c744 c466 c1253 c1020 c858 c1330 c249 c346 c709 c145 c177 c412 c1457 c122 c340 c1489 c356 c111 c901 c670 c1087 c75 c1345 c914 c405 c824 c1155 c328 c698 c794 c485 c385 c299 c990 c544 c131 c1209 c1439 c1212 c300 c1323
FormsZv4
c598 c557 c1334 c545 c1342 c222 c1285 c257 c263 c518 c1258 c971 c702 c975 c1302 c85 c1124 c217 c321 c5 c185 c739 c220 c143 c1446 c662 c204 c1062 c82 c1194 c1385 c912 c407 c1335 c161
AssistantLitev6
c612 c540 c751 c562 c1329 c37 c887 c1079 c494 c1351 c844 c31 c318 c1188 c312 c936 c640 c721 c647 c629 c404 c105 c551 c752 c991 c1397 c1131 c1282 c40 c547 c1116 c1401 c846 c1442 c770 c343
DocsNextv3
c464 c787 c643 c1435 c649 c244 c1084 c1313 c1029 c645 c1478 c1192 c732 c537 c430 c1109 c1244 c1065 c850 c531 c414 c454 c55 c857 c18
CalendarXv4
c256 c634 c833 c1151 c478 c734 c1229 c589 c473 c258 c1035 c191 c883 c254 c730 c370 c1386 c198 c924 c997 c1066 c1130 c68 c1286 c593 c173 c731 c1499 c827 c935 c1091 c964 c1197 c483 c628 c278 c330 c492 c337 c1410
BuildXv9
c1000 c1453 c56 c1240 c602 c274 c20 c1061 c387 c714 c103 c1176 c1048 c559 c41 c465 c653 c1340 c1168 c932 c247 c461 c680 c836 c984 c207 c1292 c1483 c342 c1011 c1479 c879 c1440 c155
FormsProv8
c160 c1309 c614 c1361 c509 c1411 c1392 c452 c206 c1081 c1184 c1463 c1406 c416 c1210 c126 c729 c621 c1374 c10 c907 c586 c814 c286 c81 c529 c1233 c776 c519 c1105 c660 c711 c1073 c1448 c1171 c440 c790 c442 c1354 c882 c182 c1261 c771 c694 c1325 c954 c1434 c1236 c1245 c375 c502 c363 c1464 c918 c1217 c532 c348 c1308
ScholarLitev7
c1421 c1336 c1095 c988 c832 c271 c651 c690 c808 c1299 c955 c636 c724 c1471 c186 c777 c49 c1426 c524 c172 c493 c852 c243 c246 c960 c1298 c748 c754 c1031 c1150 c763 c1462 c573 c1432 c1122 c840 c993 c1058 c457 c1316 c1147 c89 c908
ChromecastXv8
c447 c443 c403 c826 c575 c1166 c1187 c704 c1404 c113 c157 c779 c1359 c1086 c158 c635 c1460 c505 c688 c855 c189 c1113 c1317 c1051
FeedBurnerXv4
c778 c708 c823 c290 c881 c1090 c944 c828 c710 c965 c1296 c1341 c399 c1379 c910 c291 c542 c569 c1201 c1148 c1366 c1443 c961 c1049 c999 c1053 c162 c515 c998 c1274
PatentsXv9
c1223 c297 c441 c38 c16 c1080 c1152 c309 c1052 c480 c1025 c1242 c1408 c1134 c696 c104 c408 c30 c1403 c1164 c1429 c1381 c1028 c315 c712 c1216
DrawingsMaxv3
c98 c394 c467 c656 c212 c400 c1186 c159 c1488 c685 c667 c1012 c181 c1226 c1417 c46 c482 c1405 c1074 c1059 c517 c248 c282 c1107 c364 c428 c945 c424 c792 c1364 c1373
PatentsMaxv4
c1482 c764 c644 c295 c61 c1355 c156 c326 c941 c1110 c67 c707 c1427 c1388 c1363 c842 c2 c275 c1319 c71 c283 c190 c209 c845 c504 c894 c716 c1172 c1139 c355 c347 c1273 c1271 c553 c1234 c597
SlidesZv2
c983 c906 c1391 c913 c922 c1447 c835 c1437 c870 c1383 c536 c916 c349 c390 c652 c1173 c616 c119 c383 c272 c468 c1444 c880 c1108 c816 c163 c546 c761 c333 c885 c683 c1343 c1215 c534 c490 c21 c92 c1239 c759 c919 c1358 c1067
MoonSv7
c717 c154 c289 c281 c655 c45 c830 c1288 c78 c233 c1124 c1382 c366 c1304 c693 c168 c1287 c1456 c118 c214 c1196 c1014 c238 c498 c35 c1446 c1212 c1041 c1194 c1087 c128 c402 c421 c367 c1225 c937 c970 c1154 c1022 c477 c1209 c1218 c867 c141 c898 c600 c208 c109 c491
FuchsiaProv4
c469 c1311 c277 c1496 c676 c948 c1272 c1375 c1019 c1039 c1307 c481 c572 c241 c1294 c526 c1092 c1339 c279 c331 c1117 c952 c142 c581 c1203 c1008 c22 c316 c1376 c1020 c740 c1348 c135 c772 c901 c858 c608 c62 c1428 c900 c1005 c1085 c920 c1060 c550 c563 c1106 c458 c976 c433 c854 c165 c100 c1416 c1077 c1469 c627 c785 c1237
KeepZv3
c804 c588 c765 c705 c226 c259 c962 c872 c1263 c13 c673 c567 c137 c1182 c1160 c284 c1380 c957 c726 c351 c1495 c380 c0 c539 c548 c418 c973 c1301 c445 c1143 c1250 c943 c1320 c591 c661 c1009 c150 c1305
DocsSv3
c1474 c784 c527 c1492 c1003 c306 c585 c499 c27 c24 c797 c753 c938 c170 c606 c1057 c392 c615 c60 c571 c750 c874 c654
LearnLitev5
c253 c1198 c94 c953 c34 c799 c87 c1207 c940 c1111 c657 c706 c807 c523 c1412 c786 c927 c1400 c1070 c1497 c1036 c298 c39 c1224 c747 c106
DuoLitev4
c1324 c319 c513 c396 c107 c829 c1350 c684 c969 c1097 c215 c1333 c1047 c1083 c187 c1055 c695 c620 c44 c795 c36 c1389 c665 c617 c671 c917 c121 c831 c74 c506 c630 c431 c933 c1032 c633 c242 c1056 c245 c521 c812 c1372 c356 c1485 c929 c1120
NewsXv2
c954 c593 c1399 c446 c1426 c984 c613 c1458 c1361 c1122 c1408 c1071 c1281 c1279 c877 c1185 c83 c227 c524 c1035 c752 c576 c300 c235 c514 c269 c542 c282 c488 c1064 c1166 c1450 c237 c1312 c1146 c38 c1275 c1012 c30 c191 c1362 c381 c231 c509 c179
SitesLitev7
c54 c1023 c90 c131 c1042 c1220 c811 c1200 c419 c551 c378 c1351 c650 c389 c1395 c1027 c85 c1266 c1323 c365 c385 c911 c844 c975 c1344 c1241 c719 c1489 c1452 c1248 c84 c361 c263 c639 c555 c1163 c822 c1493 c234 c709 c147 c438 c249 c15 c95 c1149 c317 c456 c562 c1342 c739 c350 c1195 c1487 c1189 c579 c177 c1115
SkyZv8
c537 c288 c623 c734 c476 c1478 c55 c793 c1167 c192 c1330 c1346 c75 c257 c939 c914 c198 c292 c968 c1061 c582 c1258 c1162 c1457 c587 c270 c130 c497 c871 c265 c221 c1221 c41 c1410 c407 c1318 c1155 c659 c461 c1141 c56 c465 c924 c731 c1282 c325 c148 c692 c931 c930 c430 c1168 c1360 c204 c223 c889 c483
ChatLitev9
c1332 c1076 c838 c1131 c434 c1084 c1 c29 c1430 c19 c274 c132 c1435 c354 c1193 c1286 c1137 c1385 c1037 c478 c883 c1170 c1048 c124 c346 c604 c17 c280 c232 c730 c404 c1240 c995 c388 c211 c454
LoggingSv6
c449 c1019 c1469 c480 c5 c294 c1259 c963 c713 c854 c427 c1444 c1369 c516 c88 c1132 c778 c1152 c318 c852 c289 c1417 c140 c1348 c828 c1306 c732 c228 c196 c494 c162
NewsSv3
c364 c1375 c900 c305 c67 c1376 c792 c976 c1484 c469 c1203 c212 c546 c188 c1186 c645 c122 c1329 c1165 c652
TravelMaxv4
c105 c1432 c987 c1445 c144 c81 c375 c926 c720 c448 c416 c904 c1392 c1480 c338 c908 c1368 c1058 c184 c496 c664 c79 c1386 c1431 c254 c202 c1150 c101 c153 c285 c1069 c115 c847 c690 c412 c1434 c959 c302 c1219 c1498 c1142 c840 c532 c1440 c26 c658 c1217 c205 c754
DocsMaxv5
c1087 c1237 c965 c784 c874 c1017 c1453 c912 c1046 c515 c885 c1023 c710 c1241 c203 c506 c90 c1370 c540 c111 c953 c350 c1109 c1371 c1199 c1419 c1271
YouTubeProv7
c1026 c668 c1462 c108 c1347 c722 c960 c729 c789 c993 c464 c405 c164 c1169 c42 c1119 c244 c189 c63 c779 c899 c1454 c865 c1425 c663 c1128 c882 c1338 c1390 c287 c609 c307 c166 c519 c768 c264 c1393 c1264 c996 c590
DataSv6
c521 c691 c936 c638 c1378 c533 c1314 c837 c290 c618 c431 c1020 c786 c344 c1492 c887 c321 c1047 c466 c680
ImagesLitev2
c358 c725 c1065 c213 c1229 c1031 c979 c382 c629 c502 c145 c1439 c1335 c1466 c744 c360 c866 c1090 c760 c955 c935 c18 c1424 c224 c1133 c813 c1075 c258 c833 c742 c1038 c711 c636 c637 c910 c1345 c846 c884 c1302
DaydreamXv7
c393 c1282 c548 c1139 c703 c561 c611 c119 c662 c1155 c539 c746 c124 c1336 c1107 c1037 c1187 c322 c392 c724 c504 c37 c671 c954 c1226 c185
SnapshotLitev4
c1074 c687 c206 c1293 c1354 c1334 c743 c529 c362 c200 c1353 c893 c209 c562 c1164 c317 c1159 c192 c370 c306 c376 c250 c1220 c1351 c537 c174 c709 c1340 c177 c102 c54 c948 c990 c1290 c1457 c734 c1305 c234 c763 c759 c194 c1408 c117 c832 c170 c1207 c875 c1151 c1407 c1191 c1184 c495 c793 c872 c606 c783
AlertsXv2
c1134 c721 c814 c970 c1427 c1328 c486 c918 c262 c595 c58 c698 c78 c573 c791 c881 c1300 c578 c1089 c972 c1261 c366 c898 c236 c880 c357 c1208 c801 c439 c809 c675 c146 c1029 c4 c607 c1415 c1192 c714 c1124 c913 c450 c1211 c383 c1210 c634 c1402
StadiaUltrav5
c411 c985 c468 c1010 c339 c390 c217 c371 c586 c472 c1161 c1429 c160 c474 c1100 c534 c455 c1179 c863 c436 c367 c479 c1388 c175 c1273 c157 c1018 c397 c1366 c1461 c1113 c453 c1145 c295 c994 c86 c1321 c655 c136 c1418 c1006 c1352 c1325 c283 c974 c96 c82 c851
AndroidTVNextv7
c1443 c332 c329 c155 c1194 c12 c30 c1212 c907 c619 c973 c61 c345 c1050 c1331 c1045 c327 c10 c1233 c1097 c1481 c93 c787 c660 c125 c488 c1495 c485 c248 c1451 c347 c1120 c795 c425 c812 c409 c1111 c1171 c227 c1062 c109 c971 c1291 c291 c571 c592 c1460 c717
PixelProv6
c130 c49 c288 c818 c378 c1012 c1158 c1397 c277 c1426 c76 c560 c915 c141 c404 c704 c1232 c71 c665 c683 c712 c1450 c545 c228 c369 c772 c978 c716 c1071 c1250 c654 c969 c1494 c870 c19 c632 c110 c284 c313
ShoppingXv1
c751 c644 c1387 c1130 c14 c552 c1147 c281 c614 c276 c927 c651 c1223 c1181 c947 c1309 c1307 c21 c1230 c387 c1287 c755 c1235 c848 c836 c1053 c826 c797 c118 c688 c631 c1067 c626 c1136 c31 c1380 c1129 c43 c492 c1357
StorageUltrav5
c750 c1160 c572 c625 c446 c1095 c73 c1234 c1244 c308 c627 c558 c1316 c220 c677 c402 c1320 c1410 c733 c939 c129 c1496 c461
LoggingSv1
c1462 c685 c334 c779 c1381 c1032 c861 c315 c1246 c1024 c864 c1206 c1200 c827 c609 c1060 c323 c641 c919 c476 c1264 c868 c1055 c187 c1323 c726 c922 c1217 c840 c53 c267 c1499 c405 c530 c993 c1432 c1175
ChromecastMaxv4
c286 c524 c1242 c955 c1326 c448 c537 c887 c1069 c24 c198 c889 c471 c81 c1219 c612 c269 c786 c789 c1027 c807 c1279 c1417 c84 c1289 c54 c832 c1042 c433 c519 c40 c349 c1400 c1123 c667 c904 c785 c1228 c724 c451 c250 c533 c867 c11 c699 c234 c793 c1404 c324 c1262 c1374 c816
LoggingXv6
c718 c1025 c145 c946 c1249 c1056 c567 c233 c1488 c115 c820 c207 c967 c224 c769 c1239 c1439 c568 c835 c1065 c579 c594 c97 c1330 c1483 c199 c1220
DocsNextv4
c480 c230 c754 c69 c426 c158 c1317 c986 c1213 c182 c121 c475 c1247 c1096 c374 c310 c1189 c1072 c239 c212 c551 c2 c1022 c938 c968 c298 c1295 c1411 c1092 c399 c773 c597 c1283 c747 c266 c143 c1476 c242 c271 c1135 c1030 c80 c150 c873 c732 c997 c693 c523 c330 c1268 c1382 c1412 c1406 c666 c363 c1255 c1308 c1248
StorageZv5
c692 c1343 c1288 c1148 c375 c1026 c380 c1389 c431 c416 c1034 c1043 c219 c414 c1080 c739 c556 c570 c1272 c1126 c1128 c962 c184 c782 c254 c59 c251 c800 c368 c56 c1485 c949 c1436 c1491 c959 c55 c982 c1393 c1420
DriveSv6
c944 c62 c486 c756 c353 c1001 c893 c1415 c505 c52 c529 c292 c74 c189 c1214 c1089 c673 c899 c1021 c1052 c496 c541 c1192 c634 c603 c1225 c972 c1174 c738 c898 c1361 c1196 c44 c991 c585 c1124 c232 c344 c206 c668 c1016 c574 c709 c1211
AndroidAutoProv8
c1306 c469 c649 c1286 c554 c513 c1294 c75 c1085 c640 c792 c1377 c419 c992 c1061 c694 c1170 c333 c774 c1201 c95 c231 c499 c1458 c489 c1209 c168
PhoneNextv3
c823 c976 c576 c364 c1489 c491 c658 c928 c1048 c235 c897 c930 c559 c226 c1009 c289 c132 c89 c808 c1327 c389 c815 c1435 c478 c464 c964 c730 c106 c64 c527 c221 c1434 c805 c359 c1110 c1441 c388 c650
SkyMaxv4
c1408 c791 c1245 c1218 c1266 c1448 c1253 c501 c945 c1493 c1473 c834 c30 c173 c1083 c784 c25 c1017 c565 c879 c215 c734 c824 c536 c340 c1144 c1486 c27 c1388 c1075 c742 c655 c937 c882 c1106 c1238 c412 c701 c79 c407 c442 c109 c1345 c285 c660 c125 c361 c680 c1373 c1142 c45 c1045 c941
PixelProv5
c436 c783 c246 c751 c307 c651 c958 c1215 c227 c488 c1410 c728 c511 c71 c705 c222 c1280 c588 c744 c350 c761 c118 c200 c225 c281 c846 c332 c1354 c367 c549 c17 c1474 c1176 c60 c160 c1392 c833 c131 c319 c282 c138 c555 c409 c1495
StreamProv6
c830 c1275 c498 c186 c450 c188 c317 c924 c590 c456 c622 c1464 c58 c1487 c1180 c1459 c1391 c381 c1188 c1402 c331 c690 c611 c1431 c128 c1405 c462 c960 c1165 c1019 c123 c1429 c449 c1274 c438 c13 c274 c397 c743 c1454 c217 c896 c1006 c18 c561
ReleaseNextv4
c568 c838 c974 c342 c1478 c1348 c323 c842 c934 c542 c572 c32 c714 c544 c1289 c619 c581 c578 c111 c327 c1162 c718 c1404 c921 c248
KeepZv5
c1113 c1236 c495 c245 c1190 c663 c740 c532 c113 c1386 c1076 c7 c116 c1468 c1498 c661 c167 c884 c681 c346 c29 c382 c856 c336 c479 c1169 c42 c748 c1002 c1231 c1112 c1073 c674 c354 c1269 c521 c3 c562 c1296 c1303 c998 c1423 c401 c430 c157 c1447 c522 c1278 c1084
GlassOSXv3
c538 c647 c908 c288 c636 c866 c550 c1411 c719 c98 c400 c115 c1111 c1138 c983 c110 c933 c769 c861 c1300 c1319 c213 c999 c913 c454 c1335 c1184 c1462 c146 c1250 c1270 c1092 c754 c1443
AndroidTVLitev6
c708 c935 c347 c1145 c917 c1171 c135 c1427 c38 c343 c345 c202 c1141 c1181 c502 c563 c1185 c1117 c1444 c85 c1385 c517 c395 c417 c280 c625 c34 c1271 c1347 c253 c149 c493 c1312 c467 c970 c1087 c850 c383 c1077 c1259 c1480
FormsMaxv1
c837 c244 c880 c1456 c989 c1174 c574 c292 c1393 c1496 c1166 c821 c963 c368 c1437 c654 c1328 c10 c46 c1488 c919 c585 c936 c143 c635 c330 c638 c393 c1151 c261 c1206 c675 c16 c229 c1479 c431 c1316 c447 c355 c1155 c1035 c144 c139 c691 c1173 c582 c137 c952 c1331 c1103 c1031
DataXv4
c486 c275 c774 c1360 c573 c1434 c95 c1074 c1136 c234 c576 c1053 c1499 c1264 c33 c1104 c415 c1285 c480 c814 c23 c993 c402 c643 c1021 c825 c859 c258
SitesProv6
c798 c106 c925 c826 c1118 c221 c815 c694 c1115 c1334 c535 c1150 c702 c1214 c39 c657 c1291 c738 c1310 c1453 c1220 c69 c1204 c1318 c296 c1301 c15 c1432 c75 c44 c1008 c1364 c730 c773 c615 c873 c1452 c557
ClassroomXv2
c209 c916 c804 c922 c1011 c465 c471 c1469 c164 c895 c1197 c236 c508 c68 c306 c211 c914 c441 c845 c586 c883 c1439 c548 c967 c779 c629
DriveMaxv2
c1020 c1247 c1124 c1357 c1055 c1159 c362 c720 c474 c910 c944 c1293 c621 c692 c473 c641 c1467 c35 c687 c482 c668 c765 c1099 c729 c758 c165 c1482
DrawingsZv4
c986 c1321 c390 c722 c1050 c56 c445 c620 c1110 c1403 c1255 c374 c1366 c785 c1024 c184 c627 c1252 c664 c545 c887 c1229 c1009 c1361 c676 c1317 c1489 c1000 c1023 c704
SnapshotXv3
c1457 c872 c531 c1349 c1353 c812 c971 c875 c918 c496 c1338 c109 c972 c305 c790 c537 c1424 c599 c1290 c1179 c326 c509 c905 c488 c127 c1034 c487 c89 c569 c1261 c591 c30 c1340 c1051 c1337 c12
SnapshotNextv3
c80 c754 c2 c223 c298 c219 c225 c976 c1079 c484 c1478 c372 c320 c377 c93 c157 c1451 c1194 c1153 c1 c600 c869 c256 c1254 c1438 c264 c0 c727 c263 c344 c715 c1210
FormsMaxv7
c468 c607 c811 c982 c1189 c1479 c83 c789 c25 c1029 c650 c395 c96 c561 c642 c734 c1201 c1289 c492 c1494 c1218 c148 c18 c570 c239 c407 c454 c920 c123 c659 c663 c189 c240 c1428 c201 c937 c1287 c1111 c356 c1470 c678 c707 c713 c990
SmartNextv4
c1144 c835 c515 c1130 c318 c1419 c186 c1456 c880 c1232 c884 c63 c46 c710 c1464 c1030 c807 c783 c291 c261 c866 c798 c1310 c1083
ChatProv4
c221 c384 c1084 c316 c1373 c1259 c1224 c322 c404 c1075 c859 c1070 c935 c38 c684 c461 c981 c266 c393 c539 c1098 c276 c801 c141 c893 c1043 c1485 c705 c1174 c232 c1372 c1141 c104 c1137 c521 c1402 c856 c340 c744 c898 c815 c821 c1241 c1458 c747 c1355 c784 c499 c582 c175 c1163 c483 c1412 c717 c408 c787 c1387
SheetsUltrav7
c628 c1067 c1383 c1473 c615 c1151 c1143 c957 c759 c267 c243 c1408 c285 c733 c658 c167 c234 c1496 c359 c696 c480 c838 c511 c967 c1236 c1147 c632 c1434 c72 c583 c241 c224 c1234 c587 c1439 c1350
StreamZv8
c907 c688 c1476 c1292 c879 c1100 c1059 c335 c250 c791 c1148 c868 c1258 c609 c1342 c1471 c958 c1044 c1379 c770 c82 c844 c1404 c1001 c1138 c1208 c1071 c1332
GroupsUltrav6
c121 c88 c961 c1309 c735 c1240 c336 c651 c745 c1086 c1126 c64 c974 c1113 c656 c858 c514 c740 c1190 c237 c43 c1193 c329 c544 c434 c1281 c626 c129 c84 c1305 c698 c562 c931 c52 c634 c797 c1032 c795 c1302 c1134 c394 c1307 c518 c351 c1066 c681 c1296 c899 c363 c388 c438 c418 c943 c693 c822 c375
FlightsUltrav9
c1196 c922 c401 c164 c1021 c833 c1425 c262 c1216 c1277 c574 c491 c145 c1009 c310 c1446 c319 c505 c271 c412 c111 c1124 c814 c695 c382 c370 c896 c522 c947 c1460 c1492 c892 c116 c360 c765 c1283 c147
ArtsXv7
c321 c347 c997 c1265 c132 c945 c1106 c476 c457 c523 c1299 c592 c836 c59 c227 c182 c1010 c1017 c1405 c851 c1345 c541 c416 c721 c969 c1060 c245 c949 c1268 c1278 c113 c567 c927 c1410 c616 c91 c871 c973 c948 c1396 c1217 c31 c763 c669 c685 c166
FeedBurnerMaxv9
c254 c493 c390 c842 c551 c198 c22 c1146 c1214 c952 c89 c358 c586 c431 c203 c399 c915 c964 c621 c332 c1200 c32 c1219 c1427 c655 c823 c1088 c971 c549 c1358 c159 c846 c161 c1411 c950 c1178 c529 c258 c381 c1275 c1290 c1327 c779 c1440
AndroidAutoNextv2
c818 c1250 c705 c789 c408 c787 c1429 c578 c1334 c331 c1355 c572 c86 c1458 c231 c982 c747 c667 c1035 c1067 c240 c392 c1331 c568 c746 c920 c1320 c1434
FlightsZv4
c34 c423 c1354 c1252 c127 c1225 c1491 c993 c1347 c813 c831 c55 c1055 c1053 c536 c911 c728 c631 c244 c455 c560 c305 c1338 c635 c1012 c1238 c594 c646 c450 c1481 c1150 c1108 c372 c1451 c617 c938 c452 c1197 c131 c1223 c1389 c709 c731 c625 c1114 c74 c566 c473
VideoSv8
c976 c1490 c23 c1366 c1423 c302 c353 c169 c128 c369 c1340 c2 c500 c196 c9 c12 c944 c1444 c1020 c30 c664 c1213 c204 c334
CultureNextv1
c556 c93 c234 c506 c1258 c769 c25 c1112 c839 c1215 c108 c778 c1026 c547 c105 c1148 c282 c460 c987 c142 c1103 c1383 c732 c1138 c935 c349 c1122 c806 c1208 c40 c1119 c684 c1368 c1362 c1263 c205 c440 c985 c173 c676 c1184 c465 c1306 c1324 c1488 c488 c260 c657 c251 c327 c552 c201 c148 c714 c1136 c54 c1069 c104
DatabaseXv3
c118 c726 c361 c454 c1031 c618 c1204 c1207 c1180 c1313 c60 c1395 c967 c773 c680 c663 c135 c482 c704 c1019 c989 c579 c471 c929 c123 c880 c46 c1282 c815 c1226 c1291 c825
ShoppingUltrav7
c462 c749 c939 c720 c998 c284 c487 c1218 c1065 c157 c906 c526 c875 c972 c1415 c14 c674 c326 c926 c900 c774 c645 c1161 c727 c596 c575 c1390 c874 c1063 c421 c206 c1431 c895 c1246 c325 c1400 c1271 c1080 c1479 c627 c917 c591 c396 c467 c718 c1272 c673 c1382 c955 c156 c1467 c309 c407 c867 c1254
LoggingProv6
c1192 c654 c734 c665 c748 c1450 c0 c373 c811 c924 c41 c1110 c642 c754 c1111 c857 c200 c69 c1247 c298 c715 c1096
CodeLitev2
c179 c1287 c941 c1370 c730 c597 c1269 c584 c249 c458 c1076 c426 c888 c1198 c764 c954 c1118 c991 c1296 c501 c1066 c1224 c1016 c604 c96 c1149 c68 c1292 c35 c144 c1461 c1194 c1190 c56 c1305 c524 c576 c1048 c419 c81 c1182
FinanceLitev2
c582 c1489 c1319 c1023 c1289 c779 c569 c1240 c607 c928 c382 c947 c239 c1486 c814 c31 c1195 c1128 c76 c1126 c1200 c816
