78
NewsXv5
SergeyF PrzemekH
MapsNextv5
PrzemekR FionaZ
ClassroomSv2
ClementN
VoiceZv6
HiroshiQ MichalS
KeepNextv4
PrabhakarN
SantaTrackerProv9
StefanG
ClassroomXv9
TatiyanaL StepanK
ChromeLitev4
LarryU MichalY PrabhakarA
ScholarXv6
SundarD NellyT PrabhakarC PhilippL SusanL FionaE FionaX SergeyD TatiyanaH PrzemekT FionaO TatiyanaP
StreetViewXv9
ThomasN StefanX SusanI ThomasU NellyI
CurrentsProv2
StepanJ
PatentsMaxv2
PhilippO MichalB StepanO SundarC TatiyanaO RuthJ PrabhakarS BakhodirG ThomasE FionaR
TravelProv6
MaxW
StreetViewXv2
RuthW PrzemekF RuthS
DocsUltrav2
BakhodirB NellyM ClementA NellyW FionaG PrabhakarM FionaA HiroshiK
GroupsZv8
BakhodirL PetarI TatiyanaC MichalV BenjaminK
DatasetSearchLitev6
PrzemekP MaxA BenjaminH SusanG StepanL SundarI PhilippK PetarN HiroshiM
StreetViewMaxv8
PetarA
CurrentsXv1
MaxP
DaydreamMaxv4
ThomasQ
SearchUltrav8
StepanP PhilippI HiroshiL
TravelUltrav3
LarryI JenE
MoonXv3
MaxR PetarM
LoggingXv4
SergeyJ StepanV PrzemekW
NewsMaxv1
TatiyanaT
CalendarLitev5
PrzemekQ HiroshiE PrabhakarB SergeyI
SheetsZv4
MaxO SergeyR
PixelProv1
ThomasK
LearnProv8
PhilippF
FinanceXv5
HiroshiU
CollectionsUltrav9
StefanK SundarA
CastOSSv6
MichalM ThomasW HiroshiT
FinanceMaxv7
LarryN StepanU SundarJ ThomasT BenjaminP
FeedBurnerLitev8
HiroshiX BenjaminL ThomasV
CodeZv4
RuthY LarryM
SkyZv5
SundarM
FuchsiaProv7
BenjaminJ FionaW BakhodirQ
AssistantMaxv9
MichalA
CurrentsProv7
SusanT
BuildProv1
PetarG
DatasetSearchXv2
FionaD FionaG NellyT StefanA HiroshiX SusanD
CollectionsProv5
JenJ SundarD MaxE
AndroidAutoZv1
PetarV MichalS
KeepXv1
PrabhakarA
ScholarSv9
NellyM ClementX SusanO SergeyR MaxB SergeyJ SundarH StefanC ThomasN StepanM LarryV
TravelZv6
ThomasL PetarA LarryI NellyI NellyC PrzemekF
ScholarZv1
NellyR MichalQ PrzemekP LarryU
ChatLitev6
MaxD PrzemekX NellyD FionaW HiroshiN StefanH ThomasE PrabhakarB PetarJ ThomasF StepanK LarryC
BloggerProv9
BenjaminK
MoonUltrav4
LarryN
SkyProv4
RuthN ThomasQ
ConnectXv3
StefanG
ChartsMaxv5
FionaU ClementG MichalY StefanF PetarO
ReleaseLitev7
PetarI SergeyW FionaV FionaX
ArtsNextv5
StepanD HiroshiQ SusanG TatiyanaG FionaA TatiyanaC TatiyanaB RuthO PetarO StefanG
AndroidTVLitev7
StepanJ LarryO JenE TatiyanaZ RuthD NellyM SusanO FionaG StefanA
BloggerProv2
ThomasD FionaV SundarM
MarsUltrav4
PhilippY NellyB PetarG BenjaminY TatiyanaT StefanD StepanU MichalQ PhilippE TatiyanaL HiroshiU SusanD SusanC BakhodirB PetarA ClementX RuthP
DataSv9
RuthH MaxO MaxF MaxA PrabhakarA HiroshiX PhilippV MichalI BakhodirD MaxW
FormsUltrav3
ThomasL ThomasK ThomasW NellyU MaxS PetarN TatiyanaA StepanO
DreamNextv6
NellyN StepanU StefanA PrzemekP JenC
ConnectLitev9
SundarM
DataNextv9
ClementO SergeyR ThomasW JenE FionaG LarryV JenF StepanK PrzemekH LarryM HiroshiO TatiyanaI MichalB NellyB PrzemekW HiroshiD PetarV BenjaminY SergeyQ PetarT JenY MaxF PhilippC JenS TatiyanaZ
ReleaseXv3
StepanD NellyC
StadiaProv5
SundarP MaxA FionaA
FeedBurnerProv6
PhilippR NellyI BakhodirD MaxR SergeyI
DuoMaxv1
BenjaminL PetarJ MaxF BenjaminG TatiyanaT JenY HiroshiU NellyD JenC SergeyR
PixelSv6
PrzemekF ThomasN SundarM
SlidesProv5
SergeyQ HiroshiO
StorageNextv9
BenjaminQ PrzemekL PhilippK MaxR PetarV TatiyanaZ MaxN ThomasT StepanK MaxE BenjaminY
StorageSv6
SundarM TatiyanaT StefanA PrabhakarL BakhodirO SusanL StefanV RuthQ PhilippF SundarW RuthH HiroshiW PetarI FionaH JenE PrzemekW ClementF TatiyanaI PetarO PetarT StepanO
BuildUltrav6
PhilippK MaxE PrzemekT SergeyF
DocsXv8
SusanC PrzemekF BakhodirG SergeyL SergeyQ TatiyanaH NellyD PetarM FionaR MatasS PrzemekW MichalM JenQ NellyW TatiyanaJ SergeyJ ClementX PetarN SusanY HiroshiX ThomasT StepanM NellyT ThomasV
ShoppingUltrav9
TatiyanaJ FionaV JenQ RuthO
WebserverProv7
TatiyanaH ThomasK
DataMaxv3
RuthP FionaA SergeyQ SergeyF HiroshiU RuthO PrzemekH PhilippI SusanG
PixelXv7
MaxW NellyD TatiyanaJ MaxS
CultureUltrav4
SergeyF
