203
p1259
c261 c771 c48 c367 c838 c205 c818 c427 c278 c661 c324 c626 c803 c37 c296 c851 c16 c409 c570 c275 c26 c133 c161 c243 c478 c323 c340 c670 c195 c24 c428
p7329
c60 c66 c834 c126 c298 c949 c574 c913
p22448
c892 c489 c792 c597 c445 c327 c76 c857 c300 c842 c179
p18612
c824 c660 c157 c140 c89 c543 c906 c531 c392 c599
p11635
c521 c572 c29 c614 c745 c678 c84 c377 c330 c366
p18356
c640 c706 c175 c143 c41 c294 c211 c857 c686 c975 c54
p12204
c728 c149 c808 c159 c297 c303 c603 c514 c958 c703 c508 c883 c601 c644
p10289
c804 c816 c147 c120 c966 c117 c867 c591 c513 c61 c434 c39
p7969
c996 c35 c716 c67 c798 c108 c750 c754 c976 c398 c561 c558 c100
p20848
c536 c898 c807 c27 c492 c520 c315 c636 c776 c476 c277 c169
p24047
c706 c640 c143 c175 c857 c41 c211 c686 c975 c54
p21564
c438 c32 c724 c685 c88 c6 c545 c971 c307 c916 c563 c948
p20474
c653 c859 c589 c486 c502 c229 c655 c812 c638 c577 c887 c555 c484 c152 c458
p5208
c588 c282 c339 c286 c876 c7 c747 c546 c55 c511
p7190
c841 c652 c715 c351 c210 c201 c239 c877 c806 c34 c86
p4948
c634 c278 c105 c963 c204 c162 c42 c896 c153 c879 c17
p24258
c568 c682 c936 c520 c977 c822 c322 c21 c44
p2934
c642 c480 c958 c783 c600 c701 c909 c612
p1704
c243 c324 c768 c761 c58 c326 c205 c912 c449 c133
p2997
c669 c124 c599 c37 c163 c271 c824 c626 c875 c288
p19871
c66 c717 c675 c294 c607 c14 c925 c994 c267 c59 c98 c543 c531 c533
p3988
c283 c398 c637 c113 c988 c383 c723 c823 c157 c195 c347 c556
p4340
c648 c776 c803 c725 c309 c149 c792 c376 c885 c355 c69 c198
p6302
c757 c576 c412 c406 c26 c698 c938 c951 c646 c663 c955 c578 c213 c519 c990
p10837
c793 c656 c434 c721 c7 c807 c32 c857 c919 c860 c665 c150 c999
p11026
c716 c433 c756 c963 c167 c4 c632 c9 c840 c367 c166 c842
p3101
c804 c636 c740 c41 c806 c542 c478 c728 c976 c603 c327
p3531
c346 c40 c493 c199 c873 c282 c163 c747 c833 c267 c280 c466
p16460
c115 c834 c892 c828 c447 c688 c751 c572 c148 c882 c969 c510 c224
p18400
c216 c854 c30 c339 c771 c249 c893 c784 c88 c411
p4399
c724 c278 c136 c300 c885 c64 c262 c520 c819 c205
p148
c465 c841 c984 c489 c879 c183 c685 c121 c561 c937 c326 c279
p22073
c479 c764 c620 c505 c955 c681 c529 c157
p6821
c159 c35 c57 c61 c117 c745 c585 c813 c24 c654 c325 c289
p9747
c504 c966 c715 c887 c577 c947 c862 c263 c427 c659 c44 c38
p604
c582 c494 c589 c377 c971 c932 c678 c20 c238 c566 c386 c158 c228 c696 c274
p11333
c928 c953 c546 c340 c790 c808 c853 c33 c283 c622
p457
c55 c69 c351 c512 c791 c670 c464 c467 c120 c601 c396 c180 c496 c933
p23596
c747 c936 c725 c593 c599 c191 c493 c346 c116 c857 c574
p21632
c581 c230 c398 c873 c179 c838 c296 c603 c287 c315 c201
p15803
c168 c84 c484 c903 c153 c486 c70 c652 c811 c635
p14093
c988 c381 c275 c816 c271 c409 c817 c514 c543 c133
p20213
c482 c149 c513 c14 c144 c288 c27 c571 c572 c875 c26 c67
p23717
c289 c944 c327 c58 c32 c908 c496 c717 c955 c582
p49
c294 c706 c640 c175 c211 c857 c143 c41 c686 c975 c54
p529
c692 c305 c1 c324 c16 c831 c476 c155 c824 c77 c780 c303 c108 c345
p18430
c566 c451 c536 c771 c555 c859 c267 c589 c787 c804 c848 c511 c828 c854
p10341
c860 c862 c504 c279 c86 c73 c906 c999 c4 c147
p2103
c910 c954 c561 c191 c57 c250 c277 c918 c971 c76 c117 c520 c875 c409 c354 c437
p14231
c521 c723 c531 c669 c551 c152 c757 c567 c436 c326 c990 c411
p18068
c892 c846 c510 c433 c716 c178 c887 c953 c963 c24 c367 c724 c150
p15860
c121 c98 c347 c578 c489 c392 c636 c576 c315 c195 c187 c847
p11376
c581 c808 c761 c877 c224 c838 c734 c799 c816 c603
p8909
c907 c18 c132 c349 c262 c882 c463 c278 c519 c249 c675
p11203
c166 c307 c842 c879 c792 c728 c286 c140 c507 c685 c987
p18201
c478 c994 c120 c466 c227 c31 c35 c559 c124 c807
p17957
c637 c379 c518 c919 c34 c159 c743 c496 c599 c467 c153 c969 c750
p18688
c546 c150 c354 c954 c412 c224 c296 c433 c757 c436 c953 c652 c644
p19468
c377 c169 c393 c710 c130 c6 c162 c59 c574 c29 c33 c22 c19 c614 c812 c309 c9 c659 c545 c577 c239 c966 c136
p8367
c725 c366 c271 c885 c486 c533 c776 c582 c428 c947
p22079
c589 c962 c818 c771 c739 c955 c195 c847 c653 c201
p18191
c148 c75 c229 c88 c26 c327 c558 c58 c384 c222 c851
p6880
c16 c646 c563 c7 c698 c823 c591 c41 c604 c791
p8336
c86 c862 c607 c929 c77 c40 c724 c596 c813 c453 c976 c23
p7907
c323 c531 c854 c303 c826 c873 c834 c236 c445 c880 c178 c542
p24740
c489 c326 c715 c173 c187 c572 c745 c138 c887 c784
p11384
c828 c996 c500 c183 c624 c346 c841 c230 c948 c149 c398
p13531
c504 c145 c740 c263 c261 c511 c409 c601 c386 c48 c520 c76 c988
p21807
c61 c798 c696 c903 c1 c717 c267 c578 c846 c458 c747
p21384
c283 c101 c159 c278 c152 c593 c120 c626 c205 c307 c216
p19835
c842 c712 c238 c147 c665 c669 c166 c100 c377 c536
p9283
c41 c427 c19 c543 c29 c494 c761 c148 c240 c507 c792 c223
p13024
c734 c325 c637 c67 c545 c140 c589 c906 c496 c169 c476 c827 c222 c594 c763 c150 c812
p15284
c490 c853 c782 c305 c266 c146 c745 c917 c520
p2030
c685 c482 c132 c944 c69 c493 c224 c571 c484 c108 c262 c908 c716
p6054
c644 c566 c751 c678 c879 c459 c38 c655 c668 c831 c66 c462 c324 c227 c32
p15707
c252 c59 c824 c702 c612 c117 c581 c555 c24 c502
p13445
c954 c656 c803 c898 c948 c880 c784 c887 c18 c518 c875 c130 c703 c230 c383
p7997
c70 c826 c638 c636 c598 c345 c648 c629 c179 c31 c286 c883
p6142
c892 c149 c804 c289 c937 c601 c267 c33 c956 c652
p8741
c148 c818 c484 c14 c296 c227 c994 c262 c459 c123 c745
p15197
c661 c58 c486 c546 c715 c942 c136 c854 c478 c823
p9396
c588 c303 c724 c572 c828 c19 c840 c551 c205 c807 c834 c48
p23902
c67 c996 c578 c860 c84 c367 c300 c222 c833 c458 c624
p5162
c700 c274 c734 c806 c503 c438 c129 c271 c792 c437 c120 c776 c653 c323 c88 c644 c447 c463
p11970
c961 c780 c213 c966 c771 c496 c841 c216 c963 c721 c427 c7 c29 c576 c377 c436 c17 c757 c842 c654 c124
p20294
c747 c6 c808 c696 c591 c398 c73 c443 c673 c763
p10728
c953 c710 c280 c500 c531 c305 c218 c64 c607 c351 c971 c976 c882 c701
p1103
c183 c388 c155 c919 c566 c449 c876 c903 c729 c324
p5547
c23 c799 c138 c827 c149 c648 c278 c13 c812 c726 c877 c195 c366 c750 c462 c828
p19151
c567 c354 c117 c593 c38 c637 c384 c272 c519 c934 c862 c893 c44 c202 c147 c16
p17454
c275 c987 c261 c32 c279 c908 c751 c803 c204 c625 c489 c918 c15
p12183
c59 c331 c948 c543 c853 c846 c61 c879 c570 c832 c563
p2089
c668 c545 c754 c859 c824 c286 c954 c831 c804 c880 c148 c790 c723
p14537
c526 c77 c434 c75 c121 c158 c157 c994 c896 c262 c465 c123 c502 c898
p12955
c282 c806 c860 c603 c919 c412 c903 c326 c230 c238 c309 c887
p23822
c793 c101 c436 c124 c846 c715 c692 c458 c467 c853 c808 c231 c17 c854 c665 c168 c451 c381 c6 c489 c9 c942 c360 c280 c561 c851
p13505
c599 c513 c386 c26 c807 c585 c130 c267 c716 c250 c18
p4113
c626 c685 c875 c241 c632 c136 c792 c58 c227 c438 c761 c100 c142 c205 c243
p8292
c345 c98 c198 c195 c183 c857 c763 c696 c670 c518 c108 c823 c140
p5131
c252 c818 c578 c536 c873 c476 c398 c216 c70 c173
p9745
c459 c150 c494 c546 c0 c24 c84 c556 c521 c588 c496 c607
p11817
c646 c653 c944 c116 c67 c239 c64 c303 c604 c35
p5625
c659 c117 c445 c178 c558 c654 c55 c987 c288 c582
p24020
c734 c138 c159 c688 c929 c938 c812 c524 c819 c161 c340 c73 c222 c289 c597 c324 c433 c180 c514 c163
p16732
c961 c988 c729 c692 c388 c942 c520 c817 c880 c377
p8172
c953 c280 c813 c294 c876 c698 c305 c754 c551 c545 c13 c510 c573 c33 c300 c307
p13943
c898 c123 c906 c851 c893 c277 c793 c916 c784 c224 c787 c1 c88
p1373
c882 c57 c854 c77 c721 c652 c511 c745 c701 c603 c330
p18857
c230 c263 c183 c117 c703 c355 c105 c948 c70 c474 c879
p7602
c152 c178 c593 c44 c831 c451 c155 c556 c345 c360 c661 c585 c596 c780
p3232
c761 c40 c717 c521 c956 c807 c937 c688 c462 c438
p3634
c482 c725 c42 c912 c437 c59 c132 c32 c366 c739 c963
p17727
c833 c857 c715 c41 c381 c716 c351 c76 c227 c149 c64 c685 c210 c261 c594 c205 c22 c580 c589
p24665
c824 c577 c634 c283 c994 c947 c16 c48 c354 c449 c238 c648 c656 c249
p13110
c267 c332 c763 c34 c150 c664 c457 c757 c494 c747 c976 c339 c383 c903 c846 c723 c69 c288 c187 c660 c599 c496 c434 c504
p20606
c133 c275 c867 c806 c166 c331 c966 c578 c23 c724 c38 c875 c944 c740
p7173
c826 c239 c808 c638 c163 c100 c121 c324 c661 c999 c271 c876 c73 c138
p14468
c644 c761 c40 c551 c159 c98 c305 c938 c147 c117 c804 c909
p16117
c908 c955 c136 c898 c158 c962 c326 c274 c828 c474 c819 c589 c161
p7753
c35 c624 c16 c166 c833 c510 c500 c307 c807 c386
p17369
c892 c655 c803 c873 c734 c572 c495 c377 c486 c67 c818 c840
p3175
c138 c963 c271 c140 c929 c57 c367 c459 c280 c195 c816 c48 c438
p4177
c862 c745 c216 c224 c559 c882 c202 c934 c880 c108 c582 c928
p3852
c84 c790 c851 c179 c685 c282 c101 c205 c526 c289 c213 c484
p24030
c24 c524 c155 c376 c437 c228 c478 c201 c841 c191
p8179
c227 c61 c792 c670 c636 c712 c918 c903 c288 c514 c648 c763 c124
p9864
c751 c596 c69 c9 c661 c811 c831 c635 c857 c447 c296 c996 c653 c750
p22610
c77 c340 c149 c32 c26 c699 c463 c262 c469 c566 c162 c58 c204
p21958
c129 c944 c169 c916 c504 c827 c398 c567 c956 c847 c543 c238
p12644
c277 c599 c434 c715 c669 c937 c603 c806 c279 c893 c451
p18135
c558 c307 c331 c13 c168 c216 c582 c351 c494 c31 c61 c70 c366 c665 c155 c604
p19899
c807 c780 c388 c635 c152 c4 c59 c76 c355 c384 c761
p13755
c892 c411 c392 c136 c493 c860 c734 c908 c696 c577
p22782
c44 c987 c502 c520 c612 c955 c646 c309 c840 c848 c988
p20968
c648 c712 c23 c55 c39 c381 c324 c510 c140 c294 c98 c771 c275 c29 c903 c883 c745
p7380
c907 c467 c205 c67 c252 c278 c596 c526 c813 c653
p6574
c158 c877 c545 c589 c725 c409 c462 c652 c117 c984 c828 c678
p17174
c531 c360 c812 c274 c804 c241 c458 c222 c161 c66 c267
p2294
c280 c86 c427 c89 c30 c536 c521 c656 c832 c614
p15522
c57 c947 c793 c153 c823 c64 c145 c873 c406 c296 c38 c436 c428 c585
p3289
c339 c551 c159 c48 c240 c712 c526 c879 c199 c4 c224 c848 c751
p6828
c84 c180 c561 c831 c514 c198 c323 c685 c578 c40 c101
p12741
c330 c593 c638 c710 c597 c331 c944 c227 c325 c88 c790 c73 c496 c367
p10623
c747 c607 c743 c140 c163 c411 c908 c326 c919 c191 c567 c34 c892 c393 c808 c745 c938 c701 c149 c152
p12821
c358 c24 c519 c622 c449 c228 c147 c588 c963 c478 c818
p12008
c288 c834 c907 c661 c813 c412 c591 c14 c204 c780
p22365
c345 c280 c903 c275 c851 c315 c293 c807 c406 c566 c655
p6518
c224 c947 c388 c195 c916 c558 c880 c153 c603 c665 c787 c551 c804 c953
p3866
c77 c520 c937 c458 c340 c9 c652 c148 c734 c570 c30 c545
p706
c108 c465 c700 c792 c303 c202 c716 c216 c205 c798 c857 c252 c67 c654 c896 c307
p18103
c757 c842 c944 c434 c559 c663 c740 c688 c332 c238 c808
p2507
c149 c153 c656 c147 c876 c69 c883 c24 c675 c826
p4337
c589 c987 c289 c840 c309 c644 c938 c462 c88 c963 c287
p15073
c275 c715 c818 c803 c198 c712 c804 c811 c976 c262 c326 c851 c574 c971 c511
p14888
c166 c751 c23 c636 c947 c776 c484 c438 c142 c195 c994
p8635
c481 c854 c324 c582 c55 c409 c35 c7 c1 c580 c376 c518 c966
p17250
c954 c725 c267 c145 c984 c724 c377 c16 c526 c828 c612 c218 c664 c210 c124 c504 c846 c507 c832 c398
p7227
c384 c997 c32 c297 c494 c576 c98 c893 c383 c596 c325 c138 c626 c933 c637 c561 c159 c996
p9131
c790 c279 c136 c650 c696 c879 c354 c558 c427 c903 c929 c603
p20129
c152 c661 c581 c58 c745 c449 c555 c4 c31 c222 c228 c566 c698
p4524
c147 c61 c262 c296 c962 c243 c238 c937 c740 c77 c685 c195 c153 c963 c634 c519
p19253
c386 c531 c955 c670 c286 c70 c169 c784 c710 c355 c73
p13226
c271 c148 c117 c723 c533 c599 c999 c754 c486 c969 c692 c227 c17 c478 c665 c315
p13692
c726 c654 c859 c510 c578 c191 c614 c712 c330 c388 c9
p12506
c551 c907 c745 c877 c434 c644 c761 c105 c612 c496 c16 c195
p21640
c280 c751 c659 c818 c663 c340 c944 c607 c493 c205 c379
p15992
c238 c903 c58 c860 c462 c646 c629 c887 c798 c18
p73
c566 c7 c252 c37 c724 c32 c561 c262 c827 c289 c546 c862
p8961
c591 c24 c880 c898 c564 c831 c652 c38 c521 c6 c89 c511 c133 c351 c925 c187 c876 c26
p23763
c278 c942 c98 c100 c383 c326 c324 c947 c149 c824
p6033
c828 c771 c158 c495 c596 c494 c166 c971 c398 c598
p390
c976 c44 c966 c791 c275 c327 c76 c716 c882 c536 c948
p13213
c504 c728 c458 c558 c377 c763 c69 c358 c885 c55
p16234
c101 c717 c201 c379 c556 c551 c724 c84 c58 c754
p17856
c528 c987 c906 c180 c688 c453 c216 c59 c757 c585 c685 c603 c243 c574 c267 c202 c466 c218
p4208
c481 c589 c29 c367 c75 c854 c508 c427 c604 c990 c936
p16537
c675 c798 c635 c903 c492 c252 c819 c409 c807 c277 c305 c545 c576 c996
p19669
c19 c393 c999 c26 c929 c692 c437 c32 c205 c100
p7607
c287 c715 c792 c286 c813 c224 c159 c655 c288 c963 c572 c147
p12904
c457 c263 c436 c994 c739 c661 c48 c388 c531 c108 c577
p15146
c908 c293 c61 c434 c851 c271 c9 c303 c873 c826
p13870
c740 c876 c198 c494 c191 c360 c763 c289 c664 c326 c243 c262 c230 c340 c13 c612 c280 c857
p9068
c64 c729 c77 c70 c520 c581 c751 c155 c195 c823 c893
p832
c411 c511 c398 c828 c803 c629 c747 c16 c300 c571 c120 c580 c351 c831
p484
c324 c272 c703 c567 c670 c384 c811 c588 c665 c650
p15551
c724 c573 c593 c330 c469 c791 c58 c827 c879 c486 c204 c358 c152
p20235
c761 c37 c386 c966 c40 c882 c859 c213 c638 c892 c117 c345 c377 c942
p7798
c661 c558 c22 c556 c19 c296 c388 c807 c168 c224 c275 c59 c201 c14 c236 c696 c842 c531 c437 c603
p18644
c598 c933 c161 c857 c826 c862 c750 c451 c73 c346 c326 c508 c740 c383
p15105
c656 c26 c757 c903 c988 c239 c604 c566 c728 c138 c601 c808 c15
p15766
c494 c685 c955 c715 c634 c267 c876 c996 c936 c637 c462 c754
p18921
c57 c381 c262 c698 c612 c33 c966 c345 c70 c224 c482 c140 c16 c626 c427
p9710
c956 c205 c504 c987 c305 c599 c776 c514 c653 c492 c23 c449 c570 c75 c35 c332
p14108
c908 c747 c324 c576 c486 c574 c100 c984 c37 c147 c252 c867 c652
p19935
c780 c670 c187 c84 c808 c326 c130 c179 c409 c484 c660
p4160
c7 c489 c303 c238 c799 c818 c108 c963 c149 c44 c854 c812 c804
p10748
c58 c191 c213 c798 c876 c61 c559 c275 c883 c411 c655 c879 c465
p6031
c169 c474 c903 c848 c59 c457 c793 c585 c637 c117 c653 c570
p6900
c198 c438 c664 c32 c145 c607 c463 c48 c841 c227 c445
p12358
c386 c555 c157 c953 c178 c159 c4 c716 c880 c840 c216 c283 c278 c636 c947
p9824
c688 c406 c823 c223 c536 c100 c201 c70 c76 c484 c908 c739 c140 c715 c893 c132
p12460
c903 c698 c790 c650 c238 c734 c367 c262 c655 c771 c956 c556 c191
